
**** Build of configuration Nios II for project CS723_Assignment1 ****

make all 
      1 [main] sh 14656 find_fast_cwd: WARNING: Couldn't compute FAST_CWD pointer.  Please report this problem to
the public mailing list cygwin@cygwin.com
      1 [main] sh 14960 find_fast_cwd: WARNING: Couldn't compute FAST_CWD pointer.  Please report this problem to
the public mailing list cygwin@cygwin.com
      1 [main] sh 10476 find_fast_cwd: WARNING: Couldn't compute FAST_CWD pointer.  Please report this problem to
the public mailing list cygwin@cygwin.com
      1 [main] sh 15624 find_fast_cwd: WARNING: Couldn't compute FAST_CWD pointer.  Please report this problem to
the public mailing list cygwin@cygwin.com
      0 [main] echo 13816 find_fast_cwd: WARNING: Couldn't compute FAST_CWD pointer.  Please report this problem to
the public mailing list cygwin@cygwin.com
Info: Building H:/COMPSYS_723/Project_workspace/CS723_Assignment1_bsp/
make --no-print-directory -C H:/COMPSYS_723/Project_workspace/CS723_Assignment1_bsp/
      1 [main] pwd 6464 find_fast_cwd: WARNING: Couldn't compute FAST_CWD pointer.  Please report this problem to
the public mailing list cygwin@cygwin.com
      1 [main] sh 16112 find_fast_cwd: WARNING: Couldn't compute FAST_CWD pointer.  Please report this problem to
the public mailing list cygwin@cygwin.com
      1 [main] echo 11928 find_fast_cwd: WARNING: Couldn't compute FAST_CWD pointer.  Please report this problem to
Compiling alt_alarm_start.c...
the public mailing list cygwin@cygwin.com
      0 [main] mkdir 11792 find_fast_cwd: WARNING: Couldn't compute FAST_CWD pointer.  Please report this problem to
the public mailing list cygwin@cygwin.com
nios2-elf-gcc -xc -MP -MMD -c  -I./HAL/inc -I. -I./drivers/inc -DSYSTEM_BUS_WIDTH=32 -pipe -D__hal__ -DALT_NO_INSTRUCTION_EMULATION -DALT_SINGLE_THREADED    -O0 -g -Wall  -EL -mhw-div -mhw-mul -mno-hw-mulx   -o obj/HAL/src/alt_alarm_start.o HAL/src/alt_alarm_start.c
      1 [main] echo 15224 find_fast_cwd: WARNING: Couldn't compute FAST_CWD pointer.  Please report this problem to
Compiling alt_busy_sleep.c...
the public mailing list cygwin@cygwin.com
      1 [main] mkdir 11984 find_fast_cwd: WARNING: Couldn't compute FAST_CWD pointer.  Please report this problem to
the public mailing list cygwin@cygwin.com
nios2-elf-gcc -xc -MP -MMD -c  -I./HAL/inc -I. -I./drivers/inc -DSYSTEM_BUS_WIDTH=32 -pipe -D__hal__ -DALT_NO_INSTRUCTION_EMULATION -DALT_SINGLE_THREADED    -O0 -g -Wall  -EL -mhw-div -mhw-mul -mno-hw-mulx   -o obj/HAL/src/alt_busy_sleep.o HAL/src/alt_busy_sleep.c
      1 [main] echo 11408 find_fast_cwd: WARNING: Couldn't compute FAST_CWD pointer.  Please report this problem to
the public mailing list cygwin@cygwin.com
Compiling alt_close.c...
      1 [main] mkdir 15628 find_fast_cwd: WARNING: Couldn't compute FAST_CWD pointer.  Please report this problem to
the public mailing list cygwin@cygwin.com
nios2-elf-gcc -xc -MP -MMD -c  -I./HAL/inc -I. -I./drivers/inc -DSYSTEM_BUS_WIDTH=32 -pipe -D__hal__ -DALT_NO_INSTRUCTION_EMULATION -DALT_SINGLE_THREADED    -O0 -g -Wall  -EL -mhw-div -mhw-mul -mno-hw-mulx   -o obj/HAL/src/alt_close.o HAL/src/alt_close.c
      1 [main] echo 9372 find_fast_cwd: WARNING: Couldn't compute FAST_CWD pointer.  Please report this problem to
the public mailing list cygwin@cygwin.com
Compiling alt_dcache_flush.c...
      1 [main] mkdir 16236 find_fast_cwd: WARNING: Couldn't compute FAST_CWD pointer.  Please report this problem to
the public mailing list cygwin@cygwin.com
nios2-elf-gcc -xc -MP -MMD -c  -I./HAL/inc -I. -I./drivers/inc -DSYSTEM_BUS_WIDTH=32 -pipe -D__hal__ -DALT_NO_INSTRUCTION_EMULATION -DALT_SINGLE_THREADED    -O0 -g -Wall  -EL -mhw-div -mhw-mul -mno-hw-mulx   -o obj/HAL/src/alt_dcache_flush.o HAL/src/alt_dcache_flush.c
      0 [main] echo 6948 find_fast_cwd: WARNING: Couldn't compute FAST_CWD pointer.  Please report this problem to
the public mailing list cygwin@cygwin.com
Compiling alt_dcache_flush_all.c...
      1 [main] mkdir 10212 find_fast_cwd: WARNING: Couldn't compute FAST_CWD pointer.  Please report this problem to
the public mailing list cygwin@cygwin.com
nios2-elf-gcc -xc -MP -MMD -c  -I./HAL/inc -I. -I./drivers/inc -DSYSTEM_BUS_WIDTH=32 -pipe -D__hal__ -DALT_NO_INSTRUCTION_EMULATION -DALT_SINGLE_THREADED    -O0 -g -Wall  -EL -mhw-div -mhw-mul -mno-hw-mulx   -o obj/HAL/src/alt_dcache_flush_all.o HAL/src/alt_dcache_flush_all.c
      1 [main] echo 15544 find_fast_cwd: WARNING: Couldn't compute FAST_CWD pointer.  Please report this problem to
the public mailing list cygwin@cygwin.com
Compiling alt_dcache_flush_no_writeback.c...
      1 [main] mkdir 13104 find_fast_cwd: WARNING: Couldn't compute FAST_CWD pointer.  Please report this problem to
the public mailing list cygwin@cygwin.com
nios2-elf-gcc -xc -MP -MMD -c  -I./HAL/inc -I. -I./drivers/inc -DSYSTEM_BUS_WIDTH=32 -pipe -D__hal__ -DALT_NO_INSTRUCTION_EMULATION -DALT_SINGLE_THREADED    -O0 -g -Wall  -EL -mhw-div -mhw-mul -mno-hw-mulx   -o obj/HAL/src/alt_dcache_flush_no_writeback.o HAL/src/alt_dcache_flush_no_writeback.c
      0 [main] echo 14028 find_fast_cwd: WARNING: Couldn't compute FAST_CWD pointer.  Please report this problem to
Compiling alt_dev.c...
the public mailing list cygwin@cygwin.com
      1 [main] mkdir 10436 find_fast_cwd: WARNING: Couldn't compute FAST_CWD pointer.  Please report this problem to
the public mailing list cygwin@cygwin.com
nios2-elf-gcc -xc -MP -MMD -c  -I./HAL/inc -I. -I./drivers/inc -DSYSTEM_BUS_WIDTH=32 -pipe -D__hal__ -DALT_NO_INSTRUCTION_EMULATION -DALT_SINGLE_THREADED    -O0 -g -Wall  -EL -mhw-div -mhw-mul -mno-hw-mulx   -o obj/HAL/src/alt_dev.o HAL/src/alt_dev.c
      0 [main] echo 12876 find_fast_cwd: WARNING: Couldn't compute FAST_CWD pointer.  Please report this problem to
the public mailing list cygwin@cygwin.com
Compiling alt_dev_llist_insert.c...
      1 [main] mkdir 15480 find_fast_cwd: WARNING: Couldn't compute FAST_CWD pointer.  Please report this problem to
the public mailing list cygwin@cygwin.com
nios2-elf-gcc -xc -MP -MMD -c  -I./HAL/inc -I. -I./drivers/inc -DSYSTEM_BUS_WIDTH=32 -pipe -D__hal__ -DALT_NO_INSTRUCTION_EMULATION -DALT_SINGLE_THREADED    -O0 -g -Wall  -EL -mhw-div -mhw-mul -mno-hw-mulx   -o obj/HAL/src/alt_dev_llist_insert.o HAL/src/alt_dev_llist_insert.c
      1 [main] echo 3696 find_fast_cwd: WARNING: Couldn't compute FAST_CWD pointer.  Please report this problem to
the public mailing list cygwin@cygwin.com
Compiling alt_dma_rxchan_open.c...
      1 [main] mkdir 14780 find_fast_cwd: WARNING: Couldn't compute FAST_CWD pointer.  Please report this problem to
the public mailing list cygwin@cygwin.com
nios2-elf-gcc -xc -MP -MMD -c  -I./HAL/inc -I. -I./drivers/inc -DSYSTEM_BUS_WIDTH=32 -pipe -D__hal__ -DALT_NO_INSTRUCTION_EMULATION -DALT_SINGLE_THREADED    -O0 -g -Wall  -EL -mhw-div -mhw-mul -mno-hw-mulx   -o obj/HAL/src/alt_dma_rxchan_open.o HAL/src/alt_dma_rxchan_open.c
      1 [main] echo 9620 find_fast_cwd: WARNING: Couldn't compute FAST_CWD pointer.  Please report this problem to
the public mailing list cygwin@cygwin.com
Compiling alt_dma_txchan_open.c...
      1 [main] mkdir 16064 find_fast_cwd: WARNING: Couldn't compute FAST_CWD pointer.  Please report this problem to
the public mailing list cygwin@cygwin.com
nios2-elf-gcc -xc -MP -MMD -c  -I./HAL/inc -I. -I./drivers/inc -DSYSTEM_BUS_WIDTH=32 -pipe -D__hal__ -DALT_NO_INSTRUCTION_EMULATION -DALT_SINGLE_THREADED    -O0 -g -Wall  -EL -mhw-div -mhw-mul -mno-hw-mulx   -o obj/HAL/src/alt_dma_txchan_open.o HAL/src/alt_dma_txchan_open.c
      1 [main] echo 712 find_fast_cwd: WARNING: Couldn't compute FAST_CWD pointer.  Please report this problem to
the public mailing list cygwin@cygwin.com
Compiling alt_do_ctors.c...
      1 [main] mkdir 12624 find_fast_cwd: WARNING: Couldn't compute FAST_CWD pointer.  Please report this problem to
the public mailing list cygwin@cygwin.com
nios2-elf-gcc -xc -MP -MMD -c  -I./HAL/inc -I. -I./drivers/inc -DSYSTEM_BUS_WIDTH=32 -pipe -D__hal__ -DALT_NO_INSTRUCTION_EMULATION -DALT_SINGLE_THREADED    -O0 -g -Wall  -EL -mhw-div -mhw-mul -mno-hw-mulx   -o obj/HAL/src/alt_do_ctors.o HAL/src/alt_do_ctors.c
      1 [main] echo 13492 find_fast_cwd: WARNING: Couldn't compute FAST_CWD pointer.  Please report this problem to
the public mailing list cygwin@cygwin.com
Compiling alt_do_dtors.c...
      0 [main] mkdir 15548 find_fast_cwd: WARNING: Couldn't compute FAST_CWD pointer.  Please report this problem to
the public mailing list cygwin@cygwin.com
nios2-elf-gcc -xc -MP -MMD -c  -I./HAL/inc -I. -I./drivers/inc -DSYSTEM_BUS_WIDTH=32 -pipe -D__hal__ -DALT_NO_INSTRUCTION_EMULATION -DALT_SINGLE_THREADED    -O0 -g -Wall  -EL -mhw-div -mhw-mul -mno-hw-mulx   -o obj/HAL/src/alt_do_dtors.o HAL/src/alt_do_dtors.c
      0 [main] echo 13796 find_fast_cwd: WARNING: Couldn't compute FAST_CWD pointer.  Please report this problem to
the public mailing list cygwin@cygwin.com
Compiling alt_env_lock.c...
      1 [main] mkdir 15348 find_fast_cwd: WARNING: Couldn't compute FAST_CWD pointer.  Please report this problem to
the public mailing list cygwin@cygwin.com
nios2-elf-gcc -xc -MP -MMD -c  -I./HAL/inc -I. -I./drivers/inc -DSYSTEM_BUS_WIDTH=32 -pipe -D__hal__ -DALT_NO_INSTRUCTION_EMULATION -DALT_SINGLE_THREADED    -O0 -g -Wall  -EL -mhw-div -mhw-mul -mno-hw-mulx   -o obj/HAL/src/alt_env_lock.o HAL/src/alt_env_lock.c
      0 [main] echo 11712 find_fast_cwd: WARNING: Couldn't compute FAST_CWD pointer.  Please report this problem to
the public mailing list cygwin@cygwin.com
Compiling alt_environ.c...
      1 [main] mkdir 4196 find_fast_cwd: WARNING: Couldn't compute FAST_CWD pointer.  Please report this problem to
the public mailing list cygwin@cygwin.com
nios2-elf-gcc -xc -MP -MMD -c  -I./HAL/inc -I. -I./drivers/inc -DSYSTEM_BUS_WIDTH=32 -pipe -D__hal__ -DALT_NO_INSTRUCTION_EMULATION -DALT_SINGLE_THREADED    -O0 -g -Wall  -EL -mhw-div -mhw-mul -mno-hw-mulx   -o obj/HAL/src/alt_environ.o HAL/src/alt_environ.c
      1 [main] echo 4592 find_fast_cwd: WARNING: Couldn't compute FAST_CWD pointer.  Please report this problem to
the public mailing list cygwin@cygwin.com
Compiling alt_errno.c...
      1 [main] mkdir 10148 find_fast_cwd: WARNING: Couldn't compute FAST_CWD pointer.  Please report this problem to
the public mailing list cygwin@cygwin.com
nios2-elf-gcc -xc -MP -MMD -c  -I./HAL/inc -I. -I./drivers/inc -DSYSTEM_BUS_WIDTH=32 -pipe -D__hal__ -DALT_NO_INSTRUCTION_EMULATION -DALT_SINGLE_THREADED    -O0 -g -Wall  -EL -mhw-div -mhw-mul -mno-hw-mulx   -o obj/HAL/src/alt_errno.o HAL/src/alt_errno.c
      1 [main] echo 15896 find_fast_cwd: WARNING: Couldn't compute FAST_CWD pointer.  Please report this problem to
the public mailing list cygwin@cygwin.com
Compiling alt_exception_entry.S...
      1 [main] mkdir 11232 find_fast_cwd: WARNING: Couldn't compute FAST_CWD pointer.  Please report this problem to
the public mailing list cygwin@cygwin.com
nios2-elf-gcc -MP -MMD -c   -O0 -g -Wall  -EL -mhw-div -mhw-mul -mno-hw-mulx    -I./HAL/inc -I. -I./drivers/inc -DSYSTEM_BUS_WIDTH=32 -pipe -D__hal__ -DALT_NO_INSTRUCTION_EMULATION -DALT_SINGLE_THREADED  -Wa,-gdwarf2  -o obj/HAL/src/alt_exception_entry.o HAL/src/alt_exception_entry.S
      1 [main] echo 15504 find_fast_cwd: WARNING: Couldn't compute FAST_CWD pointer.  Please report this problem to
the public mailing list cygwin@cygwin.com
Compiling alt_exception_muldiv.S...
      1 [main] mkdir 2096 find_fast_cwd: WARNING: Couldn't compute FAST_CWD pointer.  Please report this problem to
the public mailing list cygwin@cygwin.com
nios2-elf-gcc -MP -MMD -c   -O0 -g -Wall  -EL -mhw-div -mhw-mul -mno-hw-mulx    -I./HAL/inc -I. -I./drivers/inc -DSYSTEM_BUS_WIDTH=32 -pipe -D__hal__ -DALT_NO_INSTRUCTION_EMULATION -DALT_SINGLE_THREADED  -Wa,-gdwarf2  -o obj/HAL/src/alt_exception_muldiv.o HAL/src/alt_exception_muldiv.S
      1 [main] echo 10708 find_fast_cwd: WARNING: Couldn't compute FAST_CWD pointer.  Please report this problem to
the public mailing list cygwin@cygwin.com
Compiling alt_exception_trap.S...
      1 [main] mkdir 14168 find_fast_cwd: WARNING: Couldn't compute FAST_CWD pointer.  Please report this problem to
the public mailing list cygwin@cygwin.com
nios2-elf-gcc -MP -MMD -c   -O0 -g -Wall  -EL -mhw-div -mhw-mul -mno-hw-mulx    -I./HAL/inc -I. -I./drivers/inc -DSYSTEM_BUS_WIDTH=32 -pipe -D__hal__ -DALT_NO_INSTRUCTION_EMULATION -DALT_SINGLE_THREADED  -Wa,-gdwarf2  -o obj/HAL/src/alt_exception_trap.o HAL/src/alt_exception_trap.S
      1 [main] echo 9372 find_fast_cwd: WARNING: Couldn't compute FAST_CWD pointer.  Please report this problem to
the public mailing list cygwin@cygwin.com
Compiling alt_execve.c...
      0 [main] mkdir 14148 find_fast_cwd: WARNING: Couldn't compute FAST_CWD pointer.  Please report this problem to
the public mailing list cygwin@cygwin.com
nios2-elf-gcc -xc -MP -MMD -c  -I./HAL/inc -I. -I./drivers/inc -DSYSTEM_BUS_WIDTH=32 -pipe -D__hal__ -DALT_NO_INSTRUCTION_EMULATION -DALT_SINGLE_THREADED    -O0 -g -Wall  -EL -mhw-div -mhw-mul -mno-hw-mulx   -o obj/HAL/src/alt_execve.o HAL/src/alt_execve.c
      1 [main] echo 15564 find_fast_cwd: WARNING: Couldn't compute FAST_CWD pointer.  Please report this problem to
the public mailing list cygwin@cygwin.com
Compiling alt_exit.c...
      1 [main] mkdir 3444 find_fast_cwd: WARNING: Couldn't compute FAST_CWD pointer.  Please report this problem to
the public mailing list cygwin@cygwin.com
nios2-elf-gcc -xc -MP -MMD -c  -I./HAL/inc -I. -I./drivers/inc -DSYSTEM_BUS_WIDTH=32 -pipe -D__hal__ -DALT_NO_INSTRUCTION_EMULATION -DALT_SINGLE_THREADED    -O0 -g -Wall  -EL -mhw-div -mhw-mul -mno-hw-mulx   -o obj/HAL/src/alt_exit.o HAL/src/alt_exit.c
      1 [main] echo 800 find_fast_cwd: WARNING: Couldn't compute FAST_CWD pointer.  Please report this problem to
the public mailing list cygwin@cygwin.com
Compiling alt_fcntl.c...
      1 [main] mkdir 9416 find_fast_cwd: WARNING: Couldn't compute FAST_CWD pointer.  Please report this problem to
the public mailing list cygwin@cygwin.com
nios2-elf-gcc -xc -MP -MMD -c  -I./HAL/inc -I. -I./drivers/inc -DSYSTEM_BUS_WIDTH=32 -pipe -D__hal__ -DALT_NO_INSTRUCTION_EMULATION -DALT_SINGLE_THREADED    -O0 -g -Wall  -EL -mhw-div -mhw-mul -mno-hw-mulx   -o obj/HAL/src/alt_fcntl.o HAL/src/alt_fcntl.c
      1 [main] echo 6464 find_fast_cwd: WARNING: Couldn't compute FAST_CWD pointer.  Please report this problem to
the public mailing list cygwin@cygwin.com
Compiling alt_fd_lock.c...
      1 [main] mkdir 7124 find_fast_cwd: WARNING: Couldn't compute FAST_CWD pointer.  Please report this problem to
the public mailing list cygwin@cygwin.com
nios2-elf-gcc -xc -MP -MMD -c  -I./HAL/inc -I. -I./drivers/inc -DSYSTEM_BUS_WIDTH=32 -pipe -D__hal__ -DALT_NO_INSTRUCTION_EMULATION -DALT_SINGLE_THREADED    -O0 -g -Wall  -EL -mhw-div -mhw-mul -mno-hw-mulx   -o obj/HAL/src/alt_fd_lock.o HAL/src/alt_fd_lock.c
      0 [main] echo 14392 find_fast_cwd: WARNING: Couldn't compute FAST_CWD pointer.  Please report this problem to
the public mailing list cygwin@cygwin.com
Compiling alt_fd_unlock.c...
      1 [main] mkdir 12540 find_fast_cwd: WARNING: Couldn't compute FAST_CWD pointer.  Please report this problem to
the public mailing list cygwin@cygwin.com
nios2-elf-gcc -xc -MP -MMD -c  -I./HAL/inc -I. -I./drivers/inc -DSYSTEM_BUS_WIDTH=32 -pipe -D__hal__ -DALT_NO_INSTRUCTION_EMULATION -DALT_SINGLE_THREADED    -O0 -g -Wall  -EL -mhw-div -mhw-mul -mno-hw-mulx   -o obj/HAL/src/alt_fd_unlock.o HAL/src/alt_fd_unlock.c
      0 [main] echo 15512 find_fast_cwd: WARNING: Couldn't compute FAST_CWD pointer.  Please report this problem to
Compiling alt_find_dev.c...
the public mailing list cygwin@cygwin.com
      1 [main] mkdir 14096 find_fast_cwd: WARNING: Couldn't compute FAST_CWD pointer.  Please report this problem to
the public mailing list cygwin@cygwin.com
nios2-elf-gcc -xc -MP -MMD -c  -I./HAL/inc -I. -I./drivers/inc -DSYSTEM_BUS_WIDTH=32 -pipe -D__hal__ -DALT_NO_INSTRUCTION_EMULATION -DALT_SINGLE_THREADED    -O0 -g -Wall  -EL -mhw-div -mhw-mul -mno-hw-mulx   -o obj/HAL/src/alt_find_dev.o HAL/src/alt_find_dev.c
      1 [main] echo 872 find_fast_cwd: WARNING: Couldn't compute FAST_CWD pointer.  Please report this problem to
the public mailing list cygwin@cygwin.com
Compiling alt_find_file.c...
      1 [main] mkdir 16176 find_fast_cwd: WARNING: Couldn't compute FAST_CWD pointer.  Please report this problem to
the public mailing list cygwin@cygwin.com
nios2-elf-gcc -xc -MP -MMD -c  -I./HAL/inc -I. -I./drivers/inc -DSYSTEM_BUS_WIDTH=32 -pipe -D__hal__ -DALT_NO_INSTRUCTION_EMULATION -DALT_SINGLE_THREADED    -O0 -g -Wall  -EL -mhw-div -mhw-mul -mno-hw-mulx   -o obj/HAL/src/alt_find_file.o HAL/src/alt_find_file.c
      1 [main] echo 15832 find_fast_cwd: WARNING: Couldn't compute FAST_CWD pointer.  Please report this problem to
the public mailing list cygwin@cygwin.com
Compiling alt_flash_dev.c...
      1 [main] mkdir 15628 find_fast_cwd: WARNING: Couldn't compute FAST_CWD pointer.  Please report this problem to
the public mailing list cygwin@cygwin.com
nios2-elf-gcc -xc -MP -MMD -c  -I./HAL/inc -I. -I./drivers/inc -DSYSTEM_BUS_WIDTH=32 -pipe -D__hal__ -DALT_NO_INSTRUCTION_EMULATION -DALT_SINGLE_THREADED    -O0 -g -Wall  -EL -mhw-div -mhw-mul -mno-hw-mulx   -o obj/HAL/src/alt_flash_dev.o HAL/src/alt_flash_dev.c
      0 [main] echo 14852 find_fast_cwd: WARNING: Couldn't compute FAST_CWD pointer.  Please report this problem to
the public mailing list cygwin@cygwin.com
Compiling alt_fork.c...
      1 [main] mkdir 12776 find_fast_cwd: WARNING: Couldn't compute FAST_CWD pointer.  Please report this problem to
the public mailing list cygwin@cygwin.com
nios2-elf-gcc -xc -MP -MMD -c  -I./HAL/inc -I. -I./drivers/inc -DSYSTEM_BUS_WIDTH=32 -pipe -D__hal__ -DALT_NO_INSTRUCTION_EMULATION -DALT_SINGLE_THREADED    -O0 -g -Wall  -EL -mhw-div -mhw-mul -mno-hw-mulx   -o obj/HAL/src/alt_fork.o HAL/src/alt_fork.c
      1 [main] echo 13796 find_fast_cwd: WARNING: Couldn't compute FAST_CWD pointer.  Please report this problem to
the public mailing list cygwin@cygwin.com
Compiling alt_fs_reg.c...
      0 [main] mkdir 15404 find_fast_cwd: WARNING: Couldn't compute FAST_CWD pointer.  Please report this problem to
the public mailing list cygwin@cygwin.com
nios2-elf-gcc -xc -MP -MMD -c  -I./HAL/inc -I. -I./drivers/inc -DSYSTEM_BUS_WIDTH=32 -pipe -D__hal__ -DALT_NO_INSTRUCTION_EMULATION -DALT_SINGLE_THREADED    -O0 -g -Wall  -EL -mhw-div -mhw-mul -mno-hw-mulx   -o obj/HAL/src/alt_fs_reg.o HAL/src/alt_fs_reg.c
      1 [main] echo 11396 find_fast_cwd: WARNING: Couldn't compute FAST_CWD pointer.  Please report this problem to
the public mailing list cygwin@cygwin.com
Compiling alt_fstat.c...
      1 [main] mkdir 15704 find_fast_cwd: WARNING: Couldn't compute FAST_CWD pointer.  Please report this problem to
the public mailing list cygwin@cygwin.com
nios2-elf-gcc -xc -MP -MMD -c  -I./HAL/inc -I. -I./drivers/inc -DSYSTEM_BUS_WIDTH=32 -pipe -D__hal__ -DALT_NO_INSTRUCTION_EMULATION -DALT_SINGLE_THREADED    -O0 -g -Wall  -EL -mhw-div -mhw-mul -mno-hw-mulx   -o obj/HAL/src/alt_fstat.o HAL/src/alt_fstat.c
      1 [main] echo 216 find_fast_cwd: WARNING: Couldn't compute FAST_CWD pointer.  Please report this problem to
the public mailing list cygwin@cygwin.com
Compiling alt_get_fd.c...
      1 [main] mkdir 15624 find_fast_cwd: WARNING: Couldn't compute FAST_CWD pointer.  Please report this problem to
the public mailing list cygwin@cygwin.com
nios2-elf-gcc -xc -MP -MMD -c  -I./HAL/inc -I. -I./drivers/inc -DSYSTEM_BUS_WIDTH=32 -pipe -D__hal__ -DALT_NO_INSTRUCTION_EMULATION -DALT_SINGLE_THREADED    -O0 -g -Wall  -EL -mhw-div -mhw-mul -mno-hw-mulx   -o obj/HAL/src/alt_get_fd.o HAL/src/alt_get_fd.c
      1 [main] echo 15896 find_fast_cwd: WARNING: Couldn't compute FAST_CWD pointer.  Please report this problem to
Compiling alt_getchar.c...
the public mailing list cygwin@cygwin.com
      1 [main] mkdir 9932 find_fast_cwd: WARNING: Couldn't compute FAST_CWD pointer.  Please report this problem to
the public mailing list cygwin@cygwin.com
nios2-elf-gcc -xc -MP -MMD -c  -I./HAL/inc -I. -I./drivers/inc -DSYSTEM_BUS_WIDTH=32 -pipe -D__hal__ -DALT_NO_INSTRUCTION_EMULATION -DALT_SINGLE_THREADED    -O0 -g -Wall  -EL -mhw-div -mhw-mul -mno-hw-mulx   -o obj/HAL/src/alt_getchar.o HAL/src/alt_getchar.c
      1 [main] echo 14780 find_fast_cwd: WARNING: Couldn't compute FAST_CWD pointer.  Please report this problem to
the public mailing list cygwin@cygwin.com
Compiling alt_getpid.c...
      1 [main] mkdir 11384 find_fast_cwd: WARNING: Couldn't compute FAST_CWD pointer.  Please report this problem to
the public mailing list cygwin@cygwin.com
nios2-elf-gcc -xc -MP -MMD -c  -I./HAL/inc -I. -I./drivers/inc -DSYSTEM_BUS_WIDTH=32 -pipe -D__hal__ -DALT_NO_INSTRUCTION_EMULATION -DALT_SINGLE_THREADED    -O0 -g -Wall  -EL -mhw-div -mhw-mul -mno-hw-mulx   -o obj/HAL/src/alt_getpid.o HAL/src/alt_getpid.c
      1 [main] echo 15160 find_fast_cwd: WARNING: Couldn't compute FAST_CWD pointer.  Please report this problem to
the public mailing list cygwin@cygwin.com
Compiling alt_gettod.c...
      1 [main] mkdir 13828 find_fast_cwd: WARNING: Couldn't compute FAST_CWD pointer.  Please report this problem to
the public mailing list cygwin@cygwin.com
nios2-elf-gcc -xc -MP -MMD -c  -I./HAL/inc -I. -I./drivers/inc -DSYSTEM_BUS_WIDTH=32 -pipe -D__hal__ -DALT_NO_INSTRUCTION_EMULATION -DALT_SINGLE_THREADED    -O0 -g -Wall  -EL -mhw-div -mhw-mul -mno-hw-mulx   -o obj/HAL/src/alt_gettod.o HAL/src/alt_gettod.c
      1 [main] echo 9372 find_fast_cwd: WARNING: Couldn't compute FAST_CWD pointer.  Please report this problem to
the public mailing list cygwin@cygwin.com
Compiling alt_gmon.c...
      0 [main] mkdir 15876 find_fast_cwd: WARNING: Couldn't compute FAST_CWD pointer.  Please report this problem to
the public mailing list cygwin@cygwin.com
nios2-elf-gcc -xc -MP -MMD -c  -I./HAL/inc -I. -I./drivers/inc -DSYSTEM_BUS_WIDTH=32 -pipe -D__hal__ -DALT_NO_INSTRUCTION_EMULATION -DALT_SINGLE_THREADED    -O0 -g -Wall  -EL -mhw-div -mhw-mul -mno-hw-mulx   -o obj/HAL/src/alt_gmon.o HAL/src/alt_gmon.c
      1 [main] echo 15564 find_fast_cwd: WARNING: Couldn't compute FAST_CWD pointer.  Please report this problem to
the public mailing list cygwin@cygwin.com
Compiling alt_icache_flush.c...
      1 [main] mkdir 12032 find_fast_cwd: WARNING: Couldn't compute FAST_CWD pointer.  Please report this problem to
the public mailing list cygwin@cygwin.com
nios2-elf-gcc -xc -MP -MMD -c  -I./HAL/inc -I. -I./drivers/inc -DSYSTEM_BUS_WIDTH=32 -pipe -D__hal__ -DALT_NO_INSTRUCTION_EMULATION -DALT_SINGLE_THREADED    -O0 -g -Wall  -EL -mhw-div -mhw-mul -mno-hw-mulx   -o obj/HAL/src/alt_icache_flush.o HAL/src/alt_icache_flush.c
      1 [main] echo 15348 find_fast_cwd: WARNING: Couldn't compute FAST_CWD pointer.  Please report this problem to
the public mailing list cygwin@cygwin.com
Compiling alt_icache_flush_all.c...
      1 [main] mkdir 3948 find_fast_cwd: WARNING: Couldn't compute FAST_CWD pointer.  Please report this problem to
the public mailing list cygwin@cygwin.com
nios2-elf-gcc -xc -MP -MMD -c  -I./HAL/inc -I. -I./drivers/inc -DSYSTEM_BUS_WIDTH=32 -pipe -D__hal__ -DALT_NO_INSTRUCTION_EMULATION -DALT_SINGLE_THREADED    -O0 -g -Wall  -EL -mhw-div -mhw-mul -mno-hw-mulx   -o obj/HAL/src/alt_icache_flush_all.o HAL/src/alt_icache_flush_all.c
      1 [main] echo 4592 find_fast_cwd: WARNING: Couldn't compute FAST_CWD pointer.  Please report this problem to
the public mailing list cygwin@cygwin.com
Compiling alt_iic.c...
      0 [main] mkdir 652 find_fast_cwd: WARNING: Couldn't compute FAST_CWD pointer.  Please report this problem to
the public mailing list cygwin@cygwin.com
nios2-elf-gcc -xc -MP -MMD -c  -I./HAL/inc -I. -I./drivers/inc -DSYSTEM_BUS_WIDTH=32 -pipe -D__hal__ -DALT_NO_INSTRUCTION_EMULATION -DALT_SINGLE_THREADED    -O0 -g -Wall  -EL -mhw-div -mhw-mul -mno-hw-mulx   -o obj/HAL/src/alt_iic.o HAL/src/alt_iic.c
      1 [main] echo 15860 find_fast_cwd: WARNING: Couldn't compute FAST_CWD pointer.  Please report this problem to
the public mailing list cygwin@cygwin.com
Compiling alt_iic_isr_register.c...
      1 [main] mkdir 12876 find_fast_cwd: WARNING: Couldn't compute FAST_CWD pointer.  Please report this problem to
the public mailing list cygwin@cygwin.com
nios2-elf-gcc -xc -MP -MMD -c  -I./HAL/inc -I. -I./drivers/inc -DSYSTEM_BUS_WIDTH=32 -pipe -D__hal__ -DALT_NO_INSTRUCTION_EMULATION -DALT_SINGLE_THREADED    -O0 -g -Wall  -EL -mhw-div -mhw-mul -mno-hw-mulx   -o obj/HAL/src/alt_iic_isr_register.o HAL/src/alt_iic_isr_register.c
      0 [main] echo 12040 find_fast_cwd: WARNING: Couldn't compute FAST_CWD pointer.  Please report this problem to
the public mailing list cygwin@cygwin.com
Compiling alt_instruction_exception_entry.c...
      1 [main] mkdir 15908 find_fast_cwd: WARNING: Couldn't compute FAST_CWD pointer.  Please report this problem to
the public mailing list cygwin@cygwin.com
nios2-elf-gcc -xc -MP -MMD -c  -I./HAL/inc -I. -I./drivers/inc -DSYSTEM_BUS_WIDTH=32 -pipe -D__hal__ -DALT_NO_INSTRUCTION_EMULATION -DALT_SINGLE_THREADED    -O0 -g -Wall  -EL -mhw-div -mhw-mul -mno-hw-mulx   -o obj/HAL/src/alt_instruction_exception_entry.o HAL/src/alt_instruction_exception_entry.c
      1 [main] echo 10808 find_fast_cwd: WARNING: Couldn't compute FAST_CWD pointer.  Please report this problem to
Compiling alt_instruction_exception_register.c...
the public mailing list cygwin@cygwin.com
      1 [main] mkdir 13632 find_fast_cwd: WARNING: Couldn't compute FAST_CWD pointer.  Please report this problem to
the public mailing list cygwin@cygwin.com
nios2-elf-gcc -xc -MP -MMD -c  -I./HAL/inc -I. -I./drivers/inc -DSYSTEM_BUS_WIDTH=32 -pipe -D__hal__ -DALT_NO_INSTRUCTION_EMULATION -DALT_SINGLE_THREADED    -O0 -g -Wall  -EL -mhw-div -mhw-mul -mno-hw-mulx   -o obj/HAL/src/alt_instruction_exception_register.o HAL/src/alt_instruction_exception_register.c
      1 [main] echo 2896 find_fast_cwd: WARNING: Couldn't compute FAST_CWD pointer.  Please report this problem to
the public mailing list cygwin@cygwin.com
Compiling alt_io_redirect.c...
      1 [main] mkdir 10788 find_fast_cwd: WARNING: Couldn't compute FAST_CWD pointer.  Please report this problem to
the public mailing list cygwin@cygwin.com
nios2-elf-gcc -xc -MP -MMD -c  -I./HAL/inc -I. -I./drivers/inc -DSYSTEM_BUS_WIDTH=32 -pipe -D__hal__ -DALT_NO_INSTRUCTION_EMULATION -DALT_SINGLE_THREADED    -O0 -g -Wall  -EL -mhw-div -mhw-mul -mno-hw-mulx   -o obj/HAL/src/alt_io_redirect.o HAL/src/alt_io_redirect.c
      1 [main] echo 2832 find_fast_cwd: WARNING: Couldn't compute FAST_CWD pointer.  Please report this problem to
the public mailing list cygwin@cygwin.com
Compiling alt_ioctl.c...
      1 [main] mkdir 14148 find_fast_cwd: WARNING: Couldn't compute FAST_CWD pointer.  Please report this problem to
the public mailing list cygwin@cygwin.com
nios2-elf-gcc -xc -MP -MMD -c  -I./HAL/inc -I. -I./drivers/inc -DSYSTEM_BUS_WIDTH=32 -pipe -D__hal__ -DALT_NO_INSTRUCTION_EMULATION -DALT_SINGLE_THREADED    -O0 -g -Wall  -EL -mhw-div -mhw-mul -mno-hw-mulx   -o obj/HAL/src/alt_ioctl.o HAL/src/alt_ioctl.c
      1 [main] echo 14292 find_fast_cwd: WARNING: Couldn't compute FAST_CWD pointer.  Please report this problem to
the public mailing list cygwin@cygwin.com
Compiling alt_irq_entry.S...
      1 [main] mkdir 3444 find_fast_cwd: WARNING: Couldn't compute FAST_CWD pointer.  Please report this problem to
the public mailing list cygwin@cygwin.com
nios2-elf-gcc -MP -MMD -c   -O0 -g -Wall  -EL -mhw-div -mhw-mul -mno-hw-mulx    -I./HAL/inc -I. -I./drivers/inc -DSYSTEM_BUS_WIDTH=32 -pipe -D__hal__ -DALT_NO_INSTRUCTION_EMULATION -DALT_SINGLE_THREADED  -Wa,-gdwarf2  -o obj/HAL/src/alt_irq_entry.o HAL/src/alt_irq_entry.S
      1 [main] echo 14536 find_fast_cwd: WARNING: Couldn't compute FAST_CWD pointer.  Please report this problem to
the public mailing list cygwin@cygwin.com
Compiling alt_irq_handler.c...
      1 [main] mkdir 13104 find_fast_cwd: WARNING: Couldn't compute FAST_CWD pointer.  Please report this problem to
the public mailing list cygwin@cygwin.com
nios2-elf-gcc -xc -MP -MMD -c  -I./HAL/inc -I. -I./drivers/inc -DSYSTEM_BUS_WIDTH=32 -pipe -D__hal__ -DALT_NO_INSTRUCTION_EMULATION -DALT_SINGLE_THREADED    -O0 -g -Wall  -EL -mhw-div -mhw-mul -mno-hw-mulx   -o obj/HAL/src/alt_irq_handler.o HAL/src/alt_irq_handler.c
      1 [main] echo 1444 find_fast_cwd: WARNING: Couldn't compute FAST_CWD pointer.  Please report this problem to
the public mailing list cygwin@cygwin.com
Compiling alt_irq_register.c...
      1 [main] mkdir 4196 find_fast_cwd: WARNING: Couldn't compute FAST_CWD pointer.  Please report this problem to
the public mailing list cygwin@cygwin.com
nios2-elf-gcc -xc -MP -MMD -c  -I./HAL/inc -I. -I./drivers/inc -DSYSTEM_BUS_WIDTH=32 -pipe -D__hal__ -DALT_NO_INSTRUCTION_EMULATION -DALT_SINGLE_THREADED    -O0 -g -Wall  -EL -mhw-div -mhw-mul -mno-hw-mulx   -o obj/HAL/src/alt_irq_register.o HAL/src/alt_irq_register.c
      1 [main] echo 8880 find_fast_cwd: WARNING: Couldn't compute FAST_CWD pointer.  Please report this problem to
the public mailing list cygwin@cygwin.com
Compiling alt_irq_vars.c...
      1 [main] mkdir 13764 find_fast_cwd: WARNING: Couldn't compute FAST_CWD pointer.  Please report this problem to
the public mailing list cygwin@cygwin.com
nios2-elf-gcc -xc -MP -MMD -c  -I./HAL/inc -I. -I./drivers/inc -DSYSTEM_BUS_WIDTH=32 -pipe -D__hal__ -DALT_NO_INSTRUCTION_EMULATION -DALT_SINGLE_THREADED    -O0 -g -Wall  -EL -mhw-div -mhw-mul -mno-hw-mulx   -o obj/HAL/src/alt_irq_vars.o HAL/src/alt_irq_vars.c
      1 [main] echo 9280 find_fast_cwd: WARNING: Couldn't compute FAST_CWD pointer.  Please report this problem to
the public mailing list cygwin@cygwin.com
Compiling alt_isatty.c...
      1 [main] mkdir 15996 find_fast_cwd: WARNING: Couldn't compute FAST_CWD pointer.  Please report this problem to
the public mailing list cygwin@cygwin.com
nios2-elf-gcc -xc -MP -MMD -c  -I./HAL/inc -I. -I./drivers/inc -DSYSTEM_BUS_WIDTH=32 -pipe -D__hal__ -DALT_NO_INSTRUCTION_EMULATION -DALT_SINGLE_THREADED    -O0 -g -Wall  -EL -mhw-div -mhw-mul -mno-hw-mulx   -o obj/HAL/src/alt_isatty.o HAL/src/alt_isatty.c
      1 [main] echo 15832 find_fast_cwd: WARNING: Couldn't compute FAST_CWD pointer.  Please report this problem to
the public mailing list cygwin@cygwin.com
Compiling alt_kill.c...
      1 [main] mkdir 14240 find_fast_cwd: WARNING: Couldn't compute FAST_CWD pointer.  Please report this problem to
the public mailing list cygwin@cygwin.com
nios2-elf-gcc -xc -MP -MMD -c  -I./HAL/inc -I. -I./drivers/inc -DSYSTEM_BUS_WIDTH=32 -pipe -D__hal__ -DALT_NO_INSTRUCTION_EMULATION -DALT_SINGLE_THREADED    -O0 -g -Wall  -EL -mhw-div -mhw-mul -mno-hw-mulx   -o obj/HAL/src/alt_kill.o HAL/src/alt_kill.c
      0 [main] echo 10172 find_fast_cwd: WARNING: Couldn't compute FAST_CWD pointer.  Please report this problem to
Compiling alt_link.c...
the public mailing list cygwin@cygwin.com
      1 [main] mkdir 15680 find_fast_cwd: WARNING: Couldn't compute FAST_CWD pointer.  Please report this problem to
the public mailing list cygwin@cygwin.com
nios2-elf-gcc -xc -MP -MMD -c  -I./HAL/inc -I. -I./drivers/inc -DSYSTEM_BUS_WIDTH=32 -pipe -D__hal__ -DALT_NO_INSTRUCTION_EMULATION -DALT_SINGLE_THREADED    -O0 -g -Wall  -EL -mhw-div -mhw-mul -mno-hw-mulx   -o obj/HAL/src/alt_link.o HAL/src/alt_link.c
      1 [main] echo 14396 find_fast_cwd: WARNING: Couldn't compute FAST_CWD pointer.  Please report this problem to
Compiling alt_load.c...
the public mailing list cygwin@cygwin.com
      1 [main] mkdir 12408 find_fast_cwd: WARNING: Couldn't compute FAST_CWD pointer.  Please report this problem to
the public mailing list cygwin@cygwin.com
nios2-elf-gcc -xc -MP -MMD -c  -I./HAL/inc -I. -I./drivers/inc -DSYSTEM_BUS_WIDTH=32 -pipe -D__hal__ -DALT_NO_INSTRUCTION_EMULATION -DALT_SINGLE_THREADED    -O0 -g -Wall  -EL -mhw-div -mhw-mul -mno-hw-mulx   -o obj/HAL/src/alt_load.o HAL/src/alt_load.c
      1 [main] echo 15348 find_fast_cwd: WARNING: Couldn't compute FAST_CWD pointer.  Please report this problem to
the public mailing list cygwin@cygwin.com
Compiling alt_log_macro.S...
      0 [main] mkdir 15724 find_fast_cwd: WARNING: Couldn't compute FAST_CWD pointer.  Please report this problem to
the public mailing list cygwin@cygwin.com
nios2-elf-gcc -MP -MMD -c   -O0 -g -Wall  -EL -mhw-div -mhw-mul -mno-hw-mulx    -I./HAL/inc -I. -I./drivers/inc -DSYSTEM_BUS_WIDTH=32 -pipe -D__hal__ -DALT_NO_INSTRUCTION_EMULATION -DALT_SINGLE_THREADED  -Wa,-gdwarf2  -o obj/HAL/src/alt_log_macro.o HAL/src/alt_log_macro.S
      0 [main] echo 14028 find_fast_cwd: WARNING: Couldn't compute FAST_CWD pointer.  Please report this problem to
the public mailing list cygwin@cygwin.com
Compiling alt_log_printf.c...
      1 [main] mkdir 1712 find_fast_cwd: WARNING: Couldn't compute FAST_CWD pointer.  Please report this problem to
the public mailing list cygwin@cygwin.com
nios2-elf-gcc -xc -MP -MMD -c  -I./HAL/inc -I. -I./drivers/inc -DSYSTEM_BUS_WIDTH=32 -pipe -D__hal__ -DALT_NO_INSTRUCTION_EMULATION -DALT_SINGLE_THREADED    -O0 -g -Wall  -EL -mhw-div -mhw-mul -mno-hw-mulx   -o obj/HAL/src/alt_log_printf.o HAL/src/alt_log_printf.c
      0 [main] echo 12596 find_fast_cwd: WARNING: Couldn't compute FAST_CWD pointer.  Please report this problem to
the public mailing list cygwin@cygwin.com
Compiling alt_lseek.c...
      1 [main] mkdir 16196 find_fast_cwd: WARNING: Couldn't compute FAST_CWD pointer.  Please report this problem to
the public mailing list cygwin@cygwin.com
nios2-elf-gcc -xc -MP -MMD -c  -I./HAL/inc -I. -I./drivers/inc -DSYSTEM_BUS_WIDTH=32 -pipe -D__hal__ -DALT_NO_INSTRUCTION_EMULATION -DALT_SINGLE_THREADED    -O0 -g -Wall  -EL -mhw-div -mhw-mul -mno-hw-mulx   -o obj/HAL/src/alt_lseek.o HAL/src/alt_lseek.c
      1 [main] echo 13936 find_fast_cwd: WARNING: Couldn't compute FAST_CWD pointer.  Please report this problem to
the public mailing list cygwin@cygwin.com
Compiling alt_main.c...
      1 [main] mkdir 3696 find_fast_cwd: WARNING: Couldn't compute FAST_CWD pointer.  Please report this problem to
the public mailing list cygwin@cygwin.com
nios2-elf-gcc -xc -MP -MMD -c  -I./HAL/inc -I. -I./drivers/inc -DSYSTEM_BUS_WIDTH=32 -pipe -D__hal__ -DALT_NO_INSTRUCTION_EMULATION -DALT_SINGLE_THREADED    -O0 -g -Wall  -EL -mhw-div -mhw-mul -mno-hw-mulx   -o obj/HAL/src/alt_main.o HAL/src/alt_main.c
      1 [main] echo 15160 find_fast_cwd: WARNING: Couldn't compute FAST_CWD pointer.  Please report this problem to
the public mailing list cygwin@cygwin.com
Compiling alt_malloc_lock.c...
      1 [main] mkdir 13824 find_fast_cwd: WARNING: Couldn't compute FAST_CWD pointer.  Please report this problem to
the public mailing list cygwin@cygwin.com
nios2-elf-gcc -xc -MP -MMD -c  -I./HAL/inc -I. -I./drivers/inc -DSYSTEM_BUS_WIDTH=32 -pipe -D__hal__ -DALT_NO_INSTRUCTION_EMULATION -DALT_SINGLE_THREADED    -O0 -g -Wall  -EL -mhw-div -mhw-mul -mno-hw-mulx   -o obj/HAL/src/alt_malloc_lock.o HAL/src/alt_malloc_lock.c
      1 [main] echo 14192 find_fast_cwd: WARNING: Couldn't compute FAST_CWD pointer.  Please report this problem to
Compiling alt_mcount.S...
the public mailing list cygwin@cygwin.com
      1 [main] mkdir 14296 find_fast_cwd: WARNING: Couldn't compute FAST_CWD pointer.  Please report this problem to
the public mailing list cygwin@cygwin.com
nios2-elf-gcc -MP -MMD -c   -O0 -g -Wall  -EL -mhw-div -mhw-mul -mno-hw-mulx    -I./HAL/inc -I. -I./drivers/inc -DSYSTEM_BUS_WIDTH=32 -pipe -D__hal__ -DALT_NO_INSTRUCTION_EMULATION -DALT_SINGLE_THREADED  -Wa,-gdwarf2  -o obj/HAL/src/alt_mcount.o HAL/src/alt_mcount.S
      1 [main] echo 11128 find_fast_cwd: WARNING: Couldn't compute FAST_CWD pointer.  Please report this problem to
the public mailing list cygwin@cygwin.com
Compiling alt_open.c...
      1 [main] mkdir 14852 find_fast_cwd: WARNING: Couldn't compute FAST_CWD pointer.  Please report this problem to
the public mailing list cygwin@cygwin.com
nios2-elf-gcc -xc -MP -MMD -c  -I./HAL/inc -I. -I./drivers/inc -DSYSTEM_BUS_WIDTH=32 -pipe -D__hal__ -DALT_NO_INSTRUCTION_EMULATION -DALT_SINGLE_THREADED    -O0 -g -Wall  -EL -mhw-div -mhw-mul -mno-hw-mulx   -o obj/HAL/src/alt_open.o HAL/src/alt_open.c
      1 [main] echo 10856 find_fast_cwd: WARNING: Couldn't compute FAST_CWD pointer.  Please report this problem to
the public mailing list cygwin@cygwin.com
Compiling alt_printf.c...
      1 [main] mkdir 10212 find_fast_cwd: WARNING: Couldn't compute FAST_CWD pointer.  Please report this problem to
the public mailing list cygwin@cygwin.com
nios2-elf-gcc -xc -MP -MMD -c  -I./HAL/inc -I. -I./drivers/inc -DSYSTEM_BUS_WIDTH=32 -pipe -D__hal__ -DALT_NO_INSTRUCTION_EMULATION -DALT_SINGLE_THREADED    -O0 -g -Wall  -EL -mhw-div -mhw-mul -mno-hw-mulx   -o obj/HAL/src/alt_printf.o HAL/src/alt_printf.c
      0 [main] echo 8804 find_fast_cwd: WARNING: Couldn't compute FAST_CWD pointer.  Please report this problem to
the public mailing list cygwin@cygwin.com
Compiling alt_putchar.c...
      1 [main] mkdir 6464 find_fast_cwd: WARNING: Couldn't compute FAST_CWD pointer.  Please report this problem to
the public mailing list cygwin@cygwin.com
nios2-elf-gcc -xc -MP -MMD -c  -I./HAL/inc -I. -I./drivers/inc -DSYSTEM_BUS_WIDTH=32 -pipe -D__hal__ -DALT_NO_INSTRUCTION_EMULATION -DALT_SINGLE_THREADED    -O0 -g -Wall  -EL -mhw-div -mhw-mul -mno-hw-mulx   -o obj/HAL/src/alt_putchar.o HAL/src/alt_putchar.c
      1 [main] echo 1444 find_fast_cwd: WARNING: Couldn't compute FAST_CWD pointer.  Please report this problem to
the public mailing list cygwin@cygwin.com
Compiling alt_putstr.c...
      0 [main] mkdir 13288 find_fast_cwd: WARNING: Couldn't compute FAST_CWD pointer.  Please report this problem to
the public mailing list cygwin@cygwin.com
nios2-elf-gcc -xc -MP -MMD -c  -I./HAL/inc -I. -I./drivers/inc -DSYSTEM_BUS_WIDTH=32 -pipe -D__hal__ -DALT_NO_INSTRUCTION_EMULATION -DALT_SINGLE_THREADED    -O0 -g -Wall  -EL -mhw-div -mhw-mul -mno-hw-mulx   -o obj/HAL/src/alt_putstr.o HAL/src/alt_putstr.c
      1 [main] echo 8880 find_fast_cwd: WARNING: Couldn't compute FAST_CWD pointer.  Please report this problem to
the public mailing list cygwin@cygwin.com
Compiling alt_read.c...
      1 [main] mkdir 9492 find_fast_cwd: WARNING: Couldn't compute FAST_CWD pointer.  Please report this problem to
the public mailing list cygwin@cygwin.com
nios2-elf-gcc -xc -MP -MMD -c  -I./HAL/inc -I. -I./drivers/inc -DSYSTEM_BUS_WIDTH=32 -pipe -D__hal__ -DALT_NO_INSTRUCTION_EMULATION -DALT_SINGLE_THREADED    -O0 -g -Wall  -EL -mhw-div -mhw-mul -mno-hw-mulx   -o obj/HAL/src/alt_read.o HAL/src/alt_read.c
      1 [main] echo 9280 find_fast_cwd: WARNING: Couldn't compute FAST_CWD pointer.  Please report this problem to
Compiling alt_release_fd.c...
the public mailing list cygwin@cygwin.com
      1 [main] mkdir 14780 find_fast_cwd: WARNING: Couldn't compute FAST_CWD pointer.  Please report this problem to
the public mailing list cygwin@cygwin.com
nios2-elf-gcc -xc -MP -MMD -c  -I./HAL/inc -I. -I./drivers/inc -DSYSTEM_BUS_WIDTH=32 -pipe -D__hal__ -DALT_NO_INSTRUCTION_EMULATION -DALT_SINGLE_THREADED    -O0 -g -Wall  -EL -mhw-div -mhw-mul -mno-hw-mulx   -o obj/HAL/src/alt_release_fd.o HAL/src/alt_release_fd.c
      0 [main] echo 16120 find_fast_cwd: WARNING: Couldn't compute FAST_CWD pointer.  Please report this problem to
the public mailing list cygwin@cygwin.com
Compiling alt_remap_cached.c...
      0 [main] mkdir 9984 find_fast_cwd: WARNING: Couldn't compute FAST_CWD pointer.  Please report this problem to
the public mailing list cygwin@cygwin.com
nios2-elf-gcc -xc -MP -MMD -c  -I./HAL/inc -I. -I./drivers/inc -DSYSTEM_BUS_WIDTH=32 -pipe -D__hal__ -DALT_NO_INSTRUCTION_EMULATION -DALT_SINGLE_THREADED    -O0 -g -Wall  -EL -mhw-div -mhw-mul -mno-hw-mulx   -o obj/HAL/src/alt_remap_cached.o HAL/src/alt_remap_cached.c
      1 [main] echo 8992 find_fast_cwd: WARNING: Couldn't compute FAST_CWD pointer.  Please report this problem to
the public mailing list cygwin@cygwin.com
Compiling alt_remap_uncached.c...
      1 [main] mkdir 14040 find_fast_cwd: WARNING: Couldn't compute FAST_CWD pointer.  Please report this problem to
the public mailing list cygwin@cygwin.com
nios2-elf-gcc -xc -MP -MMD -c  -I./HAL/inc -I. -I./drivers/inc -DSYSTEM_BUS_WIDTH=32 -pipe -D__hal__ -DALT_NO_INSTRUCTION_EMULATION -DALT_SINGLE_THREADED    -O0 -g -Wall  -EL -mhw-div -mhw-mul -mno-hw-mulx   -o obj/HAL/src/alt_remap_uncached.o HAL/src/alt_remap_uncached.c
      0 [main] echo 8660 find_fast_cwd: WARNING: Couldn't compute FAST_CWD pointer.  Please report this problem to
the public mailing list cygwin@cygwin.com
Compiling alt_rename.c...
      1 [main] mkdir 13828 find_fast_cwd: WARNING: Couldn't compute FAST_CWD pointer.  Please report this problem to
the public mailing list cygwin@cygwin.com
nios2-elf-gcc -xc -MP -MMD -c  -I./HAL/inc -I. -I./drivers/inc -DSYSTEM_BUS_WIDTH=32 -pipe -D__hal__ -DALT_NO_INSTRUCTION_EMULATION -DALT_SINGLE_THREADED    -O0 -g -Wall  -EL -mhw-div -mhw-mul -mno-hw-mulx   -o obj/HAL/src/alt_rename.o HAL/src/alt_rename.c
      1 [main] echo 14392 find_fast_cwd: WARNING: Couldn't compute FAST_CWD pointer.  Please report this problem to
the public mailing list cygwin@cygwin.com
Compiling alt_sbrk.c...
      1 [main] mkdir 4592 find_fast_cwd: WARNING: Couldn't compute FAST_CWD pointer.  Please report this problem to
the public mailing list cygwin@cygwin.com
nios2-elf-gcc -xc -MP -MMD -c  -I./HAL/inc -I. -I./drivers/inc -DSYSTEM_BUS_WIDTH=32 -pipe -D__hal__ -DALT_NO_INSTRUCTION_EMULATION -DALT_SINGLE_THREADED    -O0 -g -Wall  -EL -mhw-div -mhw-mul -mno-hw-mulx   -o obj/HAL/src/alt_sbrk.o HAL/src/alt_sbrk.c
      1 [main] echo 12800 find_fast_cwd: WARNING: Couldn't compute FAST_CWD pointer.  Please report this problem to
the public mailing list cygwin@cygwin.com
Compiling alt_settod.c...
      1 [main] mkdir 15896 find_fast_cwd: WARNING: Couldn't compute FAST_CWD pointer.  Please report this problem to
the public mailing list cygwin@cygwin.com
nios2-elf-gcc -xc -MP -MMD -c  -I./HAL/inc -I. -I./drivers/inc -DSYSTEM_BUS_WIDTH=32 -pipe -D__hal__ -DALT_NO_INSTRUCTION_EMULATION -DALT_SINGLE_THREADED    -O0 -g -Wall  -EL -mhw-div -mhw-mul -mno-hw-mulx   -o obj/HAL/src/alt_settod.o HAL/src/alt_settod.c
      1 [main] echo 15224 find_fast_cwd: WARNING: Couldn't compute FAST_CWD pointer.  Please report this problem to
the public mailing list cygwin@cygwin.com
Compiling alt_software_exception.S...
      1 [main] mkdir 12040 find_fast_cwd: WARNING: Couldn't compute FAST_CWD pointer.  Please report this problem to
the public mailing list cygwin@cygwin.com
nios2-elf-gcc -MP -MMD -c   -O0 -g -Wall  -EL -mhw-div -mhw-mul -mno-hw-mulx    -I./HAL/inc -I. -I./drivers/inc -DSYSTEM_BUS_WIDTH=32 -pipe -D__hal__ -DALT_NO_INSTRUCTION_EMULATION -DALT_SINGLE_THREADED  -Wa,-gdwarf2  -o obj/HAL/src/alt_software_exception.o HAL/src/alt_software_exception.S
      1 [main] echo 16176 find_fast_cwd: WARNING: Couldn't compute FAST_CWD pointer.  Please report this problem to
the public mailing list cygwin@cygwin.com
Compiling alt_stat.c...
      1 [main] mkdir 13936 find_fast_cwd: WARNING: Couldn't compute FAST_CWD pointer.  Please report this problem to
the public mailing list cygwin@cygwin.com
nios2-elf-gcc -xc -MP -MMD -c  -I./HAL/inc -I. -I./drivers/inc -DSYSTEM_BUS_WIDTH=32 -pipe -D__hal__ -DALT_NO_INSTRUCTION_EMULATION -DALT_SINGLE_THREADED    -O0 -g -Wall  -EL -mhw-div -mhw-mul -mno-hw-mulx   -o obj/HAL/src/alt_stat.o HAL/src/alt_stat.c
      1 [main] echo 15160 find_fast_cwd: WARNING: Couldn't compute FAST_CWD pointer.  Please report this problem to
the public mailing list cygwin@cygwin.com
Compiling alt_tick.c...
      0 [main] mkdir 9932 find_fast_cwd: WARNING: Couldn't compute FAST_CWD pointer.  Please report this problem to
the public mailing list cygwin@cygwin.com
nios2-elf-gcc -xc -MP -MMD -c  -I./HAL/inc -I. -I./drivers/inc -DSYSTEM_BUS_WIDTH=32 -pipe -D__hal__ -DALT_NO_INSTRUCTION_EMULATION -DALT_SINGLE_THREADED    -O0 -g -Wall  -EL -mhw-div -mhw-mul -mno-hw-mulx   -o obj/HAL/src/alt_tick.o HAL/src/alt_tick.c
      1 [main] echo 14192 find_fast_cwd: WARNING: Couldn't compute FAST_CWD pointer.  Please report this problem to
Compiling alt_times.c...
the public mailing list cygwin@cygwin.com
      1 [main] mkdir 14240 find_fast_cwd: WARNING: Couldn't compute FAST_CWD pointer.  Please report this problem to
the public mailing list cygwin@cygwin.com
nios2-elf-gcc -xc -MP -MMD -c  -I./HAL/inc -I. -I./drivers/inc -DSYSTEM_BUS_WIDTH=32 -pipe -D__hal__ -DALT_NO_INSTRUCTION_EMULATION -DALT_SINGLE_THREADED    -O0 -g -Wall  -EL -mhw-div -mhw-mul -mno-hw-mulx   -o obj/HAL/src/alt_times.o HAL/src/alt_times.c
      1 [main] echo 15680 find_fast_cwd: WARNING: Couldn't compute FAST_CWD pointer.  Please report this problem to
the public mailing list cygwin@cygwin.com
Compiling alt_uncached_free.c...
      1 [main] mkdir 15664 find_fast_cwd: WARNING: Couldn't compute FAST_CWD pointer.  Please report this problem to
the public mailing list cygwin@cygwin.com
nios2-elf-gcc -xc -MP -MMD -c  -I./HAL/inc -I. -I./drivers/inc -DSYSTEM_BUS_WIDTH=32 -pipe -D__hal__ -DALT_NO_INSTRUCTION_EMULATION -DALT_SINGLE_THREADED    -O0 -g -Wall  -EL -mhw-div -mhw-mul -mno-hw-mulx   -o obj/HAL/src/alt_uncached_free.o HAL/src/alt_uncached_free.c
      0 [main] echo 2732 find_fast_cwd: WARNING: Couldn't compute FAST_CWD pointer.  Please report this problem to
the public mailing list cygwin@cygwin.com
Compiling alt_uncached_malloc.c...
      1 [main] mkdir 7084 find_fast_cwd: WARNING: Couldn't compute FAST_CWD pointer.  Please report this problem to
the public mailing list cygwin@cygwin.com
nios2-elf-gcc -xc -MP -MMD -c  -I./HAL/inc -I. -I./drivers/inc -DSYSTEM_BUS_WIDTH=32 -pipe -D__hal__ -DALT_NO_INSTRUCTION_EMULATION -DALT_SINGLE_THREADED    -O0 -g -Wall  -EL -mhw-div -mhw-mul -mno-hw-mulx   -o obj/HAL/src/alt_uncached_malloc.o HAL/src/alt_uncached_malloc.c
      1 [main] echo 11396 find_fast_cwd: WARNING: Couldn't compute FAST_CWD pointer.  Please report this problem to
Compiling alt_unlink.c...
the public mailing list cygwin@cygwin.com
      1 [main] mkdir 15732 find_fast_cwd: WARNING: Couldn't compute FAST_CWD pointer.  Please report this problem to
the public mailing list cygwin@cygwin.com
nios2-elf-gcc -xc -MP -MMD -c  -I./HAL/inc -I. -I./drivers/inc -DSYSTEM_BUS_WIDTH=32 -pipe -D__hal__ -DALT_NO_INSTRUCTION_EMULATION -DALT_SINGLE_THREADED    -O0 -g -Wall  -EL -mhw-div -mhw-mul -mno-hw-mulx   -o obj/HAL/src/alt_unlink.o HAL/src/alt_unlink.c
     10 [main] echo 9416 find_fast_cwd: WARNING: Couldn't compute FAST_CWD pointer.  Please report this problem to
the public mailing list cygwin@cygwin.com
Compiling alt_usleep.c...
      1 [main] mkdir 14064 find_fast_cwd: WARNING: Couldn't compute FAST_CWD pointer.  Please report this problem to
the public mailing list cygwin@cygwin.com
nios2-elf-gcc -xc -MP -MMD -c  -I./HAL/inc -I. -I./drivers/inc -DSYSTEM_BUS_WIDTH=32 -pipe -D__hal__ -DALT_NO_INSTRUCTION_EMULATION -DALT_SINGLE_THREADED    -O0 -g -Wall  -EL -mhw-div -mhw-mul -mno-hw-mulx   -o obj/HAL/src/alt_usleep.o HAL/src/alt_usleep.c
      1 [main] echo 15512 find_fast_cwd: WARNING: Couldn't compute FAST_CWD pointer.  Please report this problem to
Compiling alt_wait.c...
the public mailing list cygwin@cygwin.com
      0 [main] mkdir 15392 find_fast_cwd: WARNING: Couldn't compute FAST_CWD pointer.  Please report this problem to
the public mailing list cygwin@cygwin.com
nios2-elf-gcc -xc -MP -MMD -c  -I./HAL/inc -I. -I./drivers/inc -DSYSTEM_BUS_WIDTH=32 -pipe -D__hal__ -DALT_NO_INSTRUCTION_EMULATION -DALT_SINGLE_THREADED    -O0 -g -Wall  -EL -mhw-div -mhw-mul -mno-hw-mulx   -o obj/HAL/src/alt_wait.o HAL/src/alt_wait.c
      1 [main] echo 15968 find_fast_cwd: WARNING: Couldn't compute FAST_CWD pointer.  Please report this problem to
the public mailing list cygwin@cygwin.com
Compiling alt_write.c...
      1 [main] mkdir 3028 find_fast_cwd: WARNING: Couldn't compute FAST_CWD pointer.  Please report this problem to
the public mailing list cygwin@cygwin.com
nios2-elf-gcc -xc -MP -MMD -c  -I./HAL/inc -I. -I./drivers/inc -DSYSTEM_BUS_WIDTH=32 -pipe -D__hal__ -DALT_NO_INSTRUCTION_EMULATION -DALT_SINGLE_THREADED    -O0 -g -Wall  -EL -mhw-div -mhw-mul -mno-hw-mulx   -o obj/HAL/src/alt_write.o HAL/src/alt_write.c
      1 [main] echo 10172 find_fast_cwd: WARNING: Couldn't compute FAST_CWD pointer.  Please report this problem to
the public mailing list cygwin@cygwin.com
Compiling altera_nios2_qsys_irq.c...
      1 [main] mkdir 10600 find_fast_cwd: WARNING: Couldn't compute FAST_CWD pointer.  Please report this problem to
the public mailing list cygwin@cygwin.com
nios2-elf-gcc -xc -MP -MMD -c  -I./HAL/inc -I. -I./drivers/inc -DSYSTEM_BUS_WIDTH=32 -pipe -D__hal__ -DALT_NO_INSTRUCTION_EMULATION -DALT_SINGLE_THREADED    -O0 -g -Wall  -EL -mhw-div -mhw-mul -mno-hw-mulx   -o obj/HAL/src/altera_nios2_qsys_irq.o HAL/src/altera_nios2_qsys_irq.c
      1 [main] echo 15840 find_fast_cwd: WARNING: Couldn't compute FAST_CWD pointer.  Please report this problem to
Compiling crt0.S...
the public mailing list cygwin@cygwin.com
      1 [main] mkdir 14128 find_fast_cwd: WARNING: Couldn't compute FAST_CWD pointer.  Please report this problem to
the public mailing list cygwin@cygwin.com
nios2-elf-gcc -MP -MMD -c   -O0 -g -Wall  -EL -mhw-div -mhw-mul -mno-hw-mulx    -I./HAL/inc -I. -I./drivers/inc -DSYSTEM_BUS_WIDTH=32 -pipe -D__hal__ -DALT_NO_INSTRUCTION_EMULATION -DALT_SINGLE_THREADED  -Wa,-gdwarf2  -o obj/HAL/src/crt0.o HAL/src/crt0.S
      1 [main] echo 16236 find_fast_cwd: WARNING: Couldn't compute FAST_CWD pointer.  Please report this problem to
the public mailing list cygwin@cygwin.com
Compiling alt_sys_init.c...
      0 [main] mkdir 16184 find_fast_cwd: WARNING: Couldn't compute FAST_CWD pointer.  Please report this problem to
the public mailing list cygwin@cygwin.com
nios2-elf-gcc -xc -MP -MMD -c  -I./HAL/inc -I. -I./drivers/inc -DSYSTEM_BUS_WIDTH=32 -pipe -D__hal__ -DALT_NO_INSTRUCTION_EMULATION -DALT_SINGLE_THREADED    -O0 -g -Wall  -EL -mhw-div -mhw-mul -mno-hw-mulx   -o obj/alt_sys_init.o alt_sys_init.c
      0 [main] echo 15724 find_fast_cwd: WARNING: Couldn't compute FAST_CWD pointer.  Please report this problem to
the public mailing list cygwin@cygwin.com
Compiling altera_avalon_cfi_flash.c...
      1 [main] mkdir 1668 find_fast_cwd: WARNING: Couldn't compute FAST_CWD pointer.  Please report this problem to
the public mailing list cygwin@cygwin.com
nios2-elf-gcc -xc -MP -MMD -c  -I./HAL/inc -I. -I./drivers/inc -DSYSTEM_BUS_WIDTH=32 -pipe -D__hal__ -DALT_NO_INSTRUCTION_EMULATION -DALT_SINGLE_THREADED    -O0 -g -Wall  -EL -mhw-div -mhw-mul -mno-hw-mulx   -o obj/drivers/src/altera_avalon_cfi_flash.o drivers/src/altera_avalon_cfi_flash.c
      1 [main] echo 1712 find_fast_cwd: WARNING: Couldn't compute FAST_CWD pointer.  Please report this problem to
the public mailing list cygwin@cygwin.com
Compiling altera_avalon_cfi_flash_amd.c...
      1 [main] mkdir 10148 find_fast_cwd: WARNING: Couldn't compute FAST_CWD pointer.  Please report this problem to
the public mailing list cygwin@cygwin.com
nios2-elf-gcc -xc -MP -MMD -c  -I./HAL/inc -I. -I./drivers/inc -DSYSTEM_BUS_WIDTH=32 -pipe -D__hal__ -DALT_NO_INSTRUCTION_EMULATION -DALT_SINGLE_THREADED    -O0 -g -Wall  -EL -mhw-div -mhw-mul -mno-hw-mulx   -o obj/drivers/src/altera_avalon_cfi_flash_amd.o drivers/src/altera_avalon_cfi_flash_amd.c
      1 [main] echo 12596 find_fast_cwd: WARNING: Couldn't compute FAST_CWD pointer.  Please report this problem to
the public mailing list cygwin@cygwin.com
Compiling altera_avalon_cfi_flash_intel.c...
      1 [main] mkdir 652 find_fast_cwd: WARNING: Couldn't compute FAST_CWD pointer.  Please report this problem to
the public mailing list cygwin@cygwin.com
nios2-elf-gcc -xc -MP -MMD -c  -I./HAL/inc -I. -I./drivers/inc -DSYSTEM_BUS_WIDTH=32 -pipe -D__hal__ -DALT_NO_INSTRUCTION_EMULATION -DALT_SINGLE_THREADED    -O0 -g -Wall  -EL -mhw-div -mhw-mul -mno-hw-mulx   -o obj/drivers/src/altera_avalon_cfi_flash_intel.o drivers/src/altera_avalon_cfi_flash_intel.c
      1 [main] echo 11604 find_fast_cwd: WARNING: Couldn't compute FAST_CWD pointer.  Please report this problem to
the public mailing list cygwin@cygwin.com
Compiling altera_avalon_cfi_flash_table.c...
      1 [main] mkdir 10808 find_fast_cwd: WARNING: Couldn't compute FAST_CWD pointer.  Please report this problem to
the public mailing list cygwin@cygwin.com
nios2-elf-gcc -xc -MP -MMD -c  -I./HAL/inc -I. -I./drivers/inc -DSYSTEM_BUS_WIDTH=32 -pipe -D__hal__ -DALT_NO_INSTRUCTION_EMULATION -DALT_SINGLE_THREADED    -O0 -g -Wall  -EL -mhw-div -mhw-mul -mno-hw-mulx   -o obj/drivers/src/altera_avalon_cfi_flash_table.o drivers/src/altera_avalon_cfi_flash_table.c
      1 [main] echo 15560 find_fast_cwd: WARNING: Couldn't compute FAST_CWD pointer.  Please report this problem to
the public mailing list cygwin@cygwin.com
Compiling altera_avalon_jtag_uart_fd.c...
      0 [main] mkdir 13372 find_fast_cwd: WARNING: Couldn't compute FAST_CWD pointer.  Please report this problem to
the public mailing list cygwin@cygwin.com
nios2-elf-gcc -xc -MP -MMD -c  -I./HAL/inc -I. -I./drivers/inc -DSYSTEM_BUS_WIDTH=32 -pipe -D__hal__ -DALT_NO_INSTRUCTION_EMULATION -DALT_SINGLE_THREADED    -O0 -g -Wall  -EL -mhw-div -mhw-mul -mno-hw-mulx   -o obj/drivers/src/altera_avalon_jtag_uart_fd.o drivers/src/altera_avalon_jtag_uart_fd.c
      1 [main] echo 15628 find_fast_cwd: WARNING: Couldn't compute FAST_CWD pointer.  Please report this problem to
the public mailing list cygwin@cygwin.com
Compiling altera_avalon_jtag_uart_init.c...
     10 [main] mkdir 2832 find_fast_cwd: WARNING: Couldn't compute FAST_CWD pointer.  Please report this problem to
the public mailing list cygwin@cygwin.com
nios2-elf-gcc -xc -MP -MMD -c  -I./HAL/inc -I. -I./drivers/inc -DSYSTEM_BUS_WIDTH=32 -pipe -D__hal__ -DALT_NO_INSTRUCTION_EMULATION -DALT_SINGLE_THREADED    -O0 -g -Wall  -EL -mhw-div -mhw-mul -mno-hw-mulx   -o obj/drivers/src/altera_avalon_jtag_uart_init.o drivers/src/altera_avalon_jtag_uart_init.c
      1 [main] echo 13280 find_fast_cwd: WARNING: Couldn't compute FAST_CWD pointer.  Please report this problem to
the public mailing list cygwin@cygwin.com
Compiling altera_avalon_jtag_uart_ioctl.c...
      0 [main] mkdir 10060 find_fast_cwd: WARNING: Couldn't compute FAST_CWD pointer.  Please report this problem to
the public mailing list cygwin@cygwin.com
nios2-elf-gcc -xc -MP -MMD -c  -I./HAL/inc -I. -I./drivers/inc -DSYSTEM_BUS_WIDTH=32 -pipe -D__hal__ -DALT_NO_INSTRUCTION_EMULATION -DALT_SINGLE_THREADED    -O0 -g -Wall  -EL -mhw-div -mhw-mul -mno-hw-mulx   -o obj/drivers/src/altera_avalon_jtag_uart_ioctl.o drivers/src/altera_avalon_jtag_uart_ioctl.c
      1 [main] echo 800 find_fast_cwd: WARNING: Couldn't compute FAST_CWD pointer.  Please report this problem to
the public mailing list cygwin@cygwin.com
Compiling altera_avalon_jtag_uart_read.c...
      1 [main] mkdir 14148 find_fast_cwd: WARNING: Couldn't compute FAST_CWD pointer.  Please report this problem to
the public mailing list cygwin@cygwin.com
nios2-elf-gcc -xc -MP -MMD -c  -I./HAL/inc -I. -I./drivers/inc -DSYSTEM_BUS_WIDTH=32 -pipe -D__hal__ -DALT_NO_INSTRUCTION_EMULATION -DALT_SINGLE_THREADED    -O0 -g -Wall  -EL -mhw-div -mhw-mul -mno-hw-mulx   -o obj/drivers/src/altera_avalon_jtag_uart_read.o drivers/src/altera_avalon_jtag_uart_read.c
      1 [main] echo 14640 find_fast_cwd: WARNING: Couldn't compute FAST_CWD pointer.  Please report this problem to
the public mailing list cygwin@cygwin.com
Compiling altera_avalon_jtag_uart_write.c...
      1 [main] mkdir 10476 find_fast_cwd: WARNING: Couldn't compute FAST_CWD pointer.  Please report this problem to
the public mailing list cygwin@cygwin.com
nios2-elf-gcc -xc -MP -MMD -c  -I./HAL/inc -I. -I./drivers/inc -DSYSTEM_BUS_WIDTH=32 -pipe -D__hal__ -DALT_NO_INSTRUCTION_EMULATION -DALT_SINGLE_THREADED    -O0 -g -Wall  -EL -mhw-div -mhw-mul -mno-hw-mulx   -o obj/drivers/src/altera_avalon_jtag_uart_write.o drivers/src/altera_avalon_jtag_uart_write.c
      1 [main] echo 16196 find_fast_cwd: WARNING: Couldn't compute FAST_CWD pointer.  Please report this problem to
the public mailing list cygwin@cygwin.com
Compiling altera_avalon_lcd_16207.c...
      1 [main] mkdir 1444 find_fast_cwd: WARNING: Couldn't compute FAST_CWD pointer.  Please report this problem to
the public mailing list cygwin@cygwin.com
nios2-elf-gcc -xc -MP -MMD -c  -I./HAL/inc -I. -I./drivers/inc -DSYSTEM_BUS_WIDTH=32 -pipe -D__hal__ -DALT_NO_INSTRUCTION_EMULATION -DALT_SINGLE_THREADED    -O0 -g -Wall  -EL -mhw-div -mhw-mul -mno-hw-mulx   -o obj/drivers/src/altera_avalon_lcd_16207.o drivers/src/altera_avalon_lcd_16207.c
      1 [main] echo 16176 find_fast_cwd: WARNING: Couldn't compute FAST_CWD pointer.  Please report this problem to
the public mailing list cygwin@cygwin.com
Compiling altera_avalon_lcd_16207_fd.c...
      1 [main] mkdir 8880 find_fast_cwd: WARNING: Couldn't compute FAST_CWD pointer.  Please report this problem to
the public mailing list cygwin@cygwin.com
nios2-elf-gcc -xc -MP -MMD -c  -I./HAL/inc -I. -I./drivers/inc -DSYSTEM_BUS_WIDTH=32 -pipe -D__hal__ -DALT_NO_INSTRUCTION_EMULATION -DALT_SINGLE_THREADED    -O0 -g -Wall  -EL -mhw-div -mhw-mul -mno-hw-mulx   -o obj/drivers/src/altera_avalon_lcd_16207_fd.o drivers/src/altera_avalon_lcd_16207_fd.c
      1 [main] echo 2892 find_fast_cwd: WARNING: Couldn't compute FAST_CWD pointer.  Please report this problem to
the public mailing list cygwin@cygwin.com
Compiling altera_avalon_sysid_qsys.c...
      1 [main] mkdir 11792 find_fast_cwd: WARNING: Couldn't compute FAST_CWD pointer.  Please report this problem to
the public mailing list cygwin@cygwin.com
nios2-elf-gcc -xc -MP -MMD -c  -I./HAL/inc -I. -I./drivers/inc -DSYSTEM_BUS_WIDTH=32 -pipe -D__hal__ -DALT_NO_INSTRUCTION_EMULATION -DALT_SINGLE_THREADED    -O0 -g -Wall  -EL -mhw-div -mhw-mul -mno-hw-mulx   -o obj/drivers/src/altera_avalon_sysid_qsys.o drivers/src/altera_avalon_sysid_qsys.c
      1 [main] echo 11384 find_fast_cwd: WARNING: Couldn't compute FAST_CWD pointer.  Please report this problem to
the public mailing list cygwin@cygwin.com
Compiling altera_avalon_timer_sc.c...
      0 [main] mkdir 16120 find_fast_cwd: WARNING: Couldn't compute FAST_CWD pointer.  Please report this problem to
the public mailing list cygwin@cygwin.com
nios2-elf-gcc -xc -MP -MMD -c  -I./HAL/inc -I. -I./drivers/inc -DSYSTEM_BUS_WIDTH=32 -pipe -D__hal__ -DALT_NO_INSTRUCTION_EMULATION -DALT_SINGLE_THREADED    -O0 -g -Wall  -EL -mhw-div -mhw-mul -mno-hw-mulx   -o obj/drivers/src/altera_avalon_timer_sc.o drivers/src/altera_avalon_timer_sc.c
      1 [main] echo 15840 find_fast_cwd: WARNING: Couldn't compute FAST_CWD pointer.  Please report this problem to
the public mailing list cygwin@cygwin.com
Compiling altera_avalon_timer_ts.c...
      1 [main] mkdir 3792 find_fast_cwd: WARNING: Couldn't compute FAST_CWD pointer.  Please report this problem to
the public mailing list cygwin@cygwin.com
nios2-elf-gcc -xc -MP -MMD -c  -I./HAL/inc -I. -I./drivers/inc -DSYSTEM_BUS_WIDTH=32 -pipe -D__hal__ -DALT_NO_INSTRUCTION_EMULATION -DALT_SINGLE_THREADED    -O0 -g -Wall  -EL -mhw-div -mhw-mul -mno-hw-mulx   -o obj/drivers/src/altera_avalon_timer_ts.o drivers/src/altera_avalon_timer_ts.c
      1 [main] echo 15988 find_fast_cwd: WARNING: Couldn't compute FAST_CWD pointer.  Please report this problem to
Compiling altera_avalon_timer_vars.c...
the public mailing list cygwin@cygwin.com
      1 [main] mkdir 6948 find_fast_cwd: WARNING: Couldn't compute FAST_CWD pointer.  Please report this problem to
the public mailing list cygwin@cygwin.com
nios2-elf-gcc -xc -MP -MMD -c  -I./HAL/inc -I. -I./drivers/inc -DSYSTEM_BUS_WIDTH=32 -pipe -D__hal__ -DALT_NO_INSTRUCTION_EMULATION -DALT_SINGLE_THREADED    -O0 -g -Wall  -EL -mhw-div -mhw-mul -mno-hw-mulx   -o obj/drivers/src/altera_avalon_timer_vars.o drivers/src/altera_avalon_timer_vars.c
      1 [main] echo 15132 find_fast_cwd: WARNING: Couldn't compute FAST_CWD pointer.  Please report this problem to
the public mailing list cygwin@cygwin.com
Compiling altera_avalon_uart_fd.c...
      1 [main] mkdir 15544 find_fast_cwd: WARNING: Couldn't compute FAST_CWD pointer.  Please report this problem to
the public mailing list cygwin@cygwin.com
nios2-elf-gcc -xc -MP -MMD -c  -I./HAL/inc -I. -I./drivers/inc -DSYSTEM_BUS_WIDTH=32 -pipe -D__hal__ -DALT_NO_INSTRUCTION_EMULATION -DALT_SINGLE_THREADED    -O0 -g -Wall  -EL -mhw-div -mhw-mul -mno-hw-mulx   -o obj/drivers/src/altera_avalon_uart_fd.o drivers/src/altera_avalon_uart_fd.c
      1 [main] echo 9416 find_fast_cwd: WARNING: Couldn't compute FAST_CWD pointer.  Please report this problem to
the public mailing list cygwin@cygwin.com
Compiling altera_avalon_uart_init.c...
      1 [main] mkdir 15860 find_fast_cwd: WARNING: Couldn't compute FAST_CWD pointer.  Please report this problem to
the public mailing list cygwin@cygwin.com
nios2-elf-gcc -xc -MP -MMD -c  -I./HAL/inc -I. -I./drivers/inc -DSYSTEM_BUS_WIDTH=32 -pipe -D__hal__ -DALT_NO_INSTRUCTION_EMULATION -DALT_SINGLE_THREADED    -O0 -g -Wall  -EL -mhw-div -mhw-mul -mno-hw-mulx   -o obj/drivers/src/altera_avalon_uart_init.o drivers/src/altera_avalon_uart_init.c
      0 [main] echo 15512 find_fast_cwd: WARNING: Couldn't compute FAST_CWD pointer.  Please report this problem to
Compiling altera_avalon_uart_ioctl.c...
the public mailing list cygwin@cygwin.com
      1 [main] mkdir 7620 find_fast_cwd: WARNING: Couldn't compute FAST_CWD pointer.  Please report this problem to
the public mailing list cygwin@cygwin.com
nios2-elf-gcc -xc -MP -MMD -c  -I./HAL/inc -I. -I./drivers/inc -DSYSTEM_BUS_WIDTH=32 -pipe -D__hal__ -DALT_NO_INSTRUCTION_EMULATION -DALT_SINGLE_THREADED    -O0 -g -Wall  -EL -mhw-div -mhw-mul -mno-hw-mulx   -o obj/drivers/src/altera_avalon_uart_ioctl.o drivers/src/altera_avalon_uart_ioctl.c
      1 [main] echo 9620 find_fast_cwd: WARNING: Couldn't compute FAST_CWD pointer.  Please report this problem to
the public mailing list cygwin@cygwin.com
Compiling altera_avalon_uart_read.c...
      1 [main] mkdir 1968 find_fast_cwd: WARNING: Couldn't compute FAST_CWD pointer.  Please report this problem to
the public mailing list cygwin@cygwin.com
nios2-elf-gcc -xc -MP -MMD -c  -I./HAL/inc -I. -I./drivers/inc -DSYSTEM_BUS_WIDTH=32 -pipe -D__hal__ -DALT_NO_INSTRUCTION_EMULATION -DALT_SINGLE_THREADED    -O0 -g -Wall  -EL -mhw-div -mhw-mul -mno-hw-mulx   -o obj/drivers/src/altera_avalon_uart_read.o drivers/src/altera_avalon_uart_read.c
      1 [main] echo 14292 find_fast_cwd: WARNING: Couldn't compute FAST_CWD pointer.  Please report this problem to
the public mailing list cygwin@cygwin.com
Compiling altera_avalon_uart_write.c...
      1 [main] mkdir 13548 find_fast_cwd: WARNING: Couldn't compute FAST_CWD pointer.  Please report this problem to
the public mailing list cygwin@cygwin.com
nios2-elf-gcc -xc -MP -MMD -c  -I./HAL/inc -I. -I./drivers/inc -DSYSTEM_BUS_WIDTH=32 -pipe -D__hal__ -DALT_NO_INSTRUCTION_EMULATION -DALT_SINGLE_THREADED    -O0 -g -Wall  -EL -mhw-div -mhw-mul -mno-hw-mulx   -o obj/drivers/src/altera_avalon_uart_write.o drivers/src/altera_avalon_uart_write.c
      1 [main] echo 9984 find_fast_cwd: WARNING: Couldn't compute FAST_CWD pointer.  Please report this problem to
the public mailing list cygwin@cygwin.com
Compiling altera_up_avalon_ps2.c...
      1 [main] mkdir 11128 find_fast_cwd: WARNING: Couldn't compute FAST_CWD pointer.  Please report this problem to
the public mailing list cygwin@cygwin.com
nios2-elf-gcc -xc -MP -MMD -c  -I./HAL/inc -I. -I./drivers/inc -DSYSTEM_BUS_WIDTH=32 -pipe -D__hal__ -DALT_NO_INSTRUCTION_EMULATION -DALT_SINGLE_THREADED    -O0 -g -Wall  -EL -mhw-div -mhw-mul -mno-hw-mulx   -o obj/drivers/src/altera_up_avalon_ps2.o drivers/src/altera_up_avalon_ps2.c
drivers/src/altera_up_avalon_ps2.c: In function 'alt_up_ps2_read_fd':
drivers/src/altera_up_avalon_ps2.c:233: warning: pointer targets in passing argument 2 of 'alt_up_ps2_read_data_byte_timeout' differ in signedness
      1 [main] echo 15876 find_fast_cwd: WARNING: Couldn't compute FAST_CWD pointer.  Please report this problem to
the public mailing list cygwin@cygwin.com
Compiling altera_up_avalon_video_character_buffer_with_dma.c...
      1 [main] mkdir 9688 find_fast_cwd: WARNING: Couldn't compute FAST_CWD pointer.  Please report this problem to
the public mailing list cygwin@cygwin.com
nios2-elf-gcc -xc -MP -MMD -c  -I./HAL/inc -I. -I./drivers/inc -DSYSTEM_BUS_WIDTH=32 -pipe -D__hal__ -DALT_NO_INSTRUCTION_EMULATION -DALT_SINGLE_THREADED    -O0 -g -Wall  -EL -mhw-div -mhw-mul -mno-hw-mulx   -o obj/drivers/src/altera_up_avalon_video_character_buffer_with_dma.o drivers/src/altera_up_avalon_video_character_buffer_with_dma.c
      1 [main] echo 15328 find_fast_cwd: WARNING: Couldn't compute FAST_CWD pointer.  Please report this problem to
Compiling altera_up_avalon_video_pixel_buffer_dma.c...
the public mailing list cygwin@cygwin.com
      1 [main] mkdir 6948 find_fast_cwd: WARNING: Couldn't compute FAST_CWD pointer.  Please report this problem to
the public mailing list cygwin@cygwin.com
nios2-elf-gcc -xc -MP -MMD -c  -I./HAL/inc -I. -I./drivers/inc -DSYSTEM_BUS_WIDTH=32 -pipe -D__hal__ -DALT_NO_INSTRUCTION_EMULATION -DALT_SINGLE_THREADED    -O0 -g -Wall  -EL -mhw-div -mhw-mul -mno-hw-mulx   -o obj/drivers/src/altera_up_avalon_video_pixel_buffer_dma.o drivers/src/altera_up_avalon_video_pixel_buffer_dma.c
      1 [main] echo 15520 find_fast_cwd: WARNING: Couldn't compute FAST_CWD pointer.  Please report this problem to
the public mailing list cygwin@cygwin.com
Compiling altera_up_ps2_keyboard.c...
      1 [main] mkdir 14636 find_fast_cwd: WARNING: Couldn't compute FAST_CWD pointer.  Please report this problem to
the public mailing list cygwin@cygwin.com
nios2-elf-gcc -xc -MP -MMD -c  -I./HAL/inc -I. -I./drivers/inc -DSYSTEM_BUS_WIDTH=32 -pipe -D__hal__ -DALT_NO_INSTRUCTION_EMULATION -DALT_SINGLE_THREADED    -O0 -g -Wall  -EL -mhw-div -mhw-mul -mno-hw-mulx   -o obj/drivers/src/altera_up_ps2_keyboard.o drivers/src/altera_up_ps2_keyboard.c
      0 [main] echo 15732 find_fast_cwd: WARNING: Couldn't compute FAST_CWD pointer.  Please report this problem to
the public mailing list cygwin@cygwin.com
Compiling altera_up_ps2_mouse.c...
      1 [main] mkdir 5228 find_fast_cwd: WARNING: Couldn't compute FAST_CWD pointer.  Please report this problem to
the public mailing list cygwin@cygwin.com
nios2-elf-gcc -xc -MP -MMD -c  -I./HAL/inc -I. -I./drivers/inc -DSYSTEM_BUS_WIDTH=32 -pipe -D__hal__ -DALT_NO_INSTRUCTION_EMULATION -DALT_SINGLE_THREADED    -O0 -g -Wall  -EL -mhw-div -mhw-mul -mno-hw-mulx   -o obj/drivers/src/altera_up_ps2_mouse.o drivers/src/altera_up_ps2_mouse.c
      1 [main] echo 16112 find_fast_cwd: WARNING: Couldn't compute FAST_CWD pointer.  Please report this problem to
the public mailing list cygwin@cygwin.com
Creating libhal_bsp.a...
rm -f -f libhal_bsp.a
      0 [main] rm 15504 find_fast_cwd: WARNING: Couldn't compute FAST_CWD pointer.  Please report this problem to
the public mailing list cygwin@cygwin.com
nios2-elf-ar -src libhal_bsp.a obj/HAL/src/alt_alarm_start.o obj/HAL/src/alt_busy_sleep.o obj/HAL/src/alt_close.o obj/HAL/src/alt_dcache_flush.o obj/HAL/src/alt_dcache_flush_all.o obj/HAL/src/alt_dcache_flush_no_writeback.o obj/HAL/src/alt_dev.o obj/HAL/src/alt_dev_llist_insert.o obj/HAL/src/alt_dma_rxchan_open.o obj/HAL/src/alt_dma_txchan_open.o obj/HAL/src/alt_do_ctors.o obj/HAL/src/alt_do_dtors.o obj/HAL/src/alt_env_lock.o obj/HAL/src/alt_environ.o obj/HAL/src/alt_errno.o obj/HAL/src/alt_exception_entry.o obj/HAL/src/alt_exception_muldiv.o obj/HAL/src/alt_exception_trap.o obj/HAL/src/alt_execve.o obj/HAL/src/alt_exit.o obj/HAL/src/alt_fcntl.o obj/HAL/src/alt_fd_lock.o obj/HAL/src/alt_fd_unlock.o obj/HAL/src/alt_find_dev.o obj/HAL/src/alt_find_file.o obj/HAL/src/alt_flash_dev.o obj/HAL/src/alt_fork.o obj/HAL/src/alt_fs_reg.o obj/HAL/src/alt_fstat.o obj/HAL/src/alt_get_fd.o obj/HAL/src/alt_getchar.o obj/HAL/src/alt_getpid.o obj/HAL/src/alt_gettod.o obj/HAL/src/alt_gmon.o obj/HAL/src/alt_icache_flush.o obj/HAL/src/alt_icache_flush_all.o obj/HAL/src/alt_iic.o obj/HAL/src/alt_iic_isr_register.o obj/HAL/src/alt_instruction_exception_entry.o obj/HAL/src/alt_instruction_exception_register.o obj/HAL/src/alt_io_redirect.o obj/HAL/src/alt_ioctl.o obj/HAL/src/alt_irq_entry.o obj/HAL/src/alt_irq_handler.o obj/HAL/src/alt_irq_register.o obj/HAL/src/alt_irq_vars.o obj/HAL/src/alt_isatty.o obj/HAL/src/alt_kill.o obj/HAL/src/alt_link.o obj/HAL/src/alt_load.o obj/HAL/src/alt_log_macro.o obj/HAL/src/alt_log_printf.o obj/HAL/src/alt_lseek.o obj/HAL/src/alt_main.o obj/HAL/src/alt_malloc_lock.o obj/HAL/src/alt_mcount.o obj/HAL/src/alt_open.o obj/HAL/src/alt_printf.o obj/HAL/src/alt_putchar.o obj/HAL/src/alt_putstr.o obj/HAL/src/alt_read.o obj/HAL/src/alt_release_fd.o obj/HAL/src/alt_remap_cached.o obj/HAL/src/alt_remap_uncached.o obj/HAL/src/alt_rename.o obj/HAL/src/alt_sbrk.o obj/HAL/src/alt_settod.o obj/HAL/src/alt_software_exception.o obj/HAL/src/alt_stat.o obj/HAL/src/alt_tick.o obj/HAL/src/alt_times.o obj/HAL/src/alt_uncached_free.o obj/HAL/src/alt_uncached_malloc.o obj/HAL/src/alt_unlink.o obj/HAL/src/alt_usleep.o obj/HAL/src/alt_wait.o obj/HAL/src/alt_write.o obj/HAL/src/altera_nios2_qsys_irq.o obj/HAL/src/crt0.o obj/alt_sys_init.o obj/drivers/src/altera_avalon_cfi_flash.o obj/drivers/src/altera_avalon_cfi_flash_amd.o obj/drivers/src/altera_avalon_cfi_flash_intel.o obj/drivers/src/altera_avalon_cfi_flash_table.o obj/drivers/src/altera_avalon_jtag_uart_fd.o obj/drivers/src/altera_avalon_jtag_uart_init.o obj/drivers/src/altera_avalon_jtag_uart_ioctl.o obj/drivers/src/altera_avalon_jtag_uart_read.o obj/drivers/src/altera_avalon_jtag_uart_write.o obj/drivers/src/altera_avalon_lcd_16207.o obj/drivers/src/altera_avalon_lcd_16207_fd.o obj/drivers/src/altera_avalon_sysid_qsys.o obj/drivers/src/altera_avalon_timer_sc.o obj/drivers/src/altera_avalon_timer_ts.o obj/drivers/src/altera_avalon_timer_vars.o obj/drivers/src/altera_avalon_uart_fd.o obj/drivers/src/altera_avalon_uart_init.o obj/drivers/src/altera_avalon_uart_ioctl.o obj/drivers/src/altera_avalon_uart_read.o obj/drivers/src/altera_avalon_uart_write.o obj/drivers/src/altera_up_avalon_ps2.o obj/drivers/src/altera_up_avalon_video_character_buffer_with_dma.o obj/drivers/src/altera_up_avalon_video_pixel_buffer_dma.o obj/drivers/src/altera_up_ps2_keyboard.o obj/drivers/src/altera_up_ps2_mouse.o
      1 [main] sh 14496 find_fast_cwd: WARNING: Couldn't compute FAST_CWD pointer.  Please report this problem to
the public mailing list cygwin@cygwin.com
[BSP build complete]
      1 [main] echo 16064 find_fast_cwd: WARNING: Couldn't compute FAST_CWD pointer.  Please report this problem to
the public mailing list cygwin@cygwin.com
Info: Compiling hello_world.c to obj/default/hello_world.o
      1 [main] mkdir 4196 find_fast_cwd: WARNING: Couldn't compute FAST_CWD pointer.  Please report this problem to
the public mailing list cygwin@cygwin.com
nios2-elf-gcc -xc -MP -MMD -c -IH:/COMPSYS_723/Project_workspace/CS723_Assignment1_bsp//HAL/inc -IH:/COMPSYS_723/Project_workspace/CS723_Assignment1_bsp/ -IH:/COMPSYS_723/Project_workspace/CS723_Assignment1_bsp//drivers/inc  -DSYSTEM_BUS_WIDTH=32 -pipe -D__hal__ -DALT_NO_INSTRUCTION_EMULATION -DALT_SINGLE_THREADED    -O0 -g -Wall   -EL -mhw-div -mhw-mul -mno-hw-mulx  -o obj/default/hello_world.o hello_world.c
      1 [main] true 13936 find_fast_cwd: WARNING: Couldn't compute FAST_CWD pointer.  Please report this problem to
the public mailing list cygwin@cygwin.com
      1 [main] echo 10808 find_fast_cwd: WARNING: Couldn't compute FAST_CWD pointer.  Please report this problem to
the public mailing list cygwin@cygwin.com
Info: Linking CS723_Assignment1.elf
nios2-elf-g++  -T'H:/COMPSYS_723/Project_workspace/CS723_Assignment1_bsp//linker.x' -msys-crt0='H:/COMPSYS_723/Project_workspace/CS723_Assignment1_bsp//obj/HAL/src/crt0.o' -msys-lib=hal_bsp -LH:/COMPSYS_723/Project_workspace/CS723_Assignment1_bsp/   -Wl,-Map=CS723_Assignment1.map   -O0 -g -Wall   -EL -mhw-div -mhw-mul -mno-hw-mulx  -o CS723_Assignment1.elf obj/default/hello_world.o -lm 
nios2-elf-insert CS723_Assignment1.elf --thread_model hal --cpu_name nios2 --qsys true --simulation_enabled false --id 7 --sidp 0x430f0 --timestamp 1393900972 --stderr_dev jtag_uart --stdin_dev jtag_uart --stdout_dev jtag_uart --sopc_system_name nios2 --quartus_project_dir "h:/COMPSYS_723/Project_workspace/SOPC_files" --sopcinfo H:/COMPSYS_723/Project_workspace/SOPC_files/nios2.sopcinfo
      0 [main] sh 15992 find_fast_cwd: WARNING: Couldn't compute FAST_CWD pointer.  Please report this problem to
the public mailing list cygwin@cygwin.com
      1 [main] uname 3792 find_fast_cwd: WARNING: Couldn't compute FAST_CWD pointer.  Please report this problem to
the public mailing list cygwin@cygwin.com
      1 [main] sh 14808 find_fast_cwd: WARNING: Couldn't compute FAST_CWD pointer.  Please report this problem to
the public mailing list cygwin@cygwin.com
Info: (CS723_Assignment1.elf) 49 KBytes program size (code + initialized data).
Info:                         131062 KBytes free for stack + heap.
      1 [main] echo 9372 find_fast_cwd: WARNING: Couldn't compute FAST_CWD pointer.  Please report this problem to
the public mailing list cygwin@cygwin.com
Info: Creating CS723_Assignment1.objdump
nios2-elf-objdump --disassemble --syms --all-header --source CS723_Assignment1.elf >CS723_Assignment1.objdump
      1 [main] sh 15568 find_fast_cwd: WARNING: Couldn't compute FAST_CWD pointer.  Please report this problem to
the public mailing list cygwin@cygwin.com
      1 [main] sh 12776 find_fast_cwd: WARNING: Couldn't compute FAST_CWD pointer.  Please report this problem to
the public mailing list cygwin@cygwin.com
[CS723_Assignment1 build complete]

**** Build Finished ****

**** Build of configuration Nios II for project CS723_Assignment1 ****

make all 
      0 [main] sh 15460 find_fast_cwd: WARNING: Couldn't compute FAST_CWD pointer.  Please report this problem to
the public mailing list cygwin@cygwin.com
      1 [main] sh 2732 find_fast_cwd: WARNING: Couldn't compute FAST_CWD pointer.  Please report this problem to
the public mailing list cygwin@cygwin.com
      1 [main] sh 15520 find_fast_cwd: WARNING: Couldn't compute FAST_CWD pointer.  Please report this problem to
the public mailing list cygwin@cygwin.com
      1 [main] sh 12544 find_fast_cwd: WARNING: Couldn't compute FAST_CWD pointer.  Please report this problem to
the public mailing list cygwin@cygwin.com
      0 [main] echo 14972 find_fast_cwd: WARNING: Couldn't compute FAST_CWD pointer.  Please report this problem to
Info: Building H:/COMPSYS_723/Project_workspace/CS723_Assignment1_bsp/
the public mailing list cygwin@cygwin.com
make --no-print-directory -C H:/COMPSYS_723/Project_workspace/CS723_Assignment1_bsp/
      1 [main] pwd 14656 find_fast_cwd: WARNING: Couldn't compute FAST_CWD pointer.  Please report this problem to
the public mailing list cygwin@cygwin.com
      1 [main] sh 13936 find_fast_cwd: WARNING: Couldn't compute FAST_CWD pointer.  Please report this problem to
the public mailing list cygwin@cygwin.com
      1 [main] sh 3696 find_fast_cwd: WARNING: Couldn't compute FAST_CWD pointer.  Please report this problem to
the public mailing list cygwin@cygwin.com
[BSP build complete]
      1 [main] true 14572 find_fast_cwd: WARNING: Couldn't compute FAST_CWD pointer.  Please report this problem to
the public mailing list cygwin@cygwin.com
      1 [main] sh 216 find_fast_cwd: WARNING: Couldn't compute FAST_CWD pointer.  Please report this problem to
the public mailing list cygwin@cygwin.com
[CS723_Assignment1 build complete]

**** Build Finished ****
